#
# There is insufficient memory for the Java Runtime Environment to continue.
# Native memory allocation (malloc) failed to allocate 277920 bytes. Error detail: Chunk::new
# Possible reasons:
#   The system is out of physical RAM or swap space
#   This process is running with CompressedOops enabled, and the Java Heap may be blocking the growth of the native heap
# Possible solutions:
#   Reduce memory load on the system
#   Increase physical memory or swap space
#   Check if swap backing store is full
#   Decrease Java heap size (-Xmx/-Xms)
#   Decrease number of Java threads
#   Decrease Java thread stack sizes (-Xss)
#   Set larger code cache with -XX:ReservedCodeCacheSize=
#   JVM is running with Unscaled Compressed Oops mode in which the Java heap is
#     placed in the first 4GB address space. The Java Heap base address is the
#     maximum limit for the native heap growth. Please use -XX:HeapBaseMinAddress
#     to set the Java Heap base and to place the Java Heap above 4GB virtual address.
# This output file may be truncated or incomplete.
#
#  Out of Memory Error (arena.cpp:168), pid=29392, tid=31528
#
# JRE version: OpenJDK Runtime Environment Temurin-21.0.10+7 (21.0.10+7) (build 21.0.10+7-LTS)
# Java VM: OpenJDK 64-Bit Server VM Temurin-21.0.10+7 (21.0.10+7-LTS, mixed mode, sharing, tiered, compressed oops, compressed class ptrs, parallel gc, windows-amd64)
# No core dump will be written. Minidumps are not enabled by default on client versions of Windows
#

---------------  S U M M A R Y ------------

Command Line: --add-modules=ALL-SYSTEM --add-opens=java.base/java.util=ALL-UNNAMED --add-opens=java.base/java.lang=ALL-UNNAMED --add-opens=java.base/sun.nio.fs=ALL-UNNAMED -Declipse.application=org.eclipse.jdt.ls.core.id1 -Dosgi.bundles.defaultStartLevel=4 -Declipse.product=org.eclipse.jdt.ls.core.product -Djava.import.generatesMetadataFilesAtProjectRoot=false -DDetectVMInstallationsJob.disabled=true -Dfile.encoding=utf8 -XX:+UseParallelGC -XX:GCTimeRatio=4 -XX:AdaptiveSizePolicyWeight=90 -Dsun.zip.disableMemoryMapping=true -Xmx2G -Xms100m -Xlog:disable -javaagent:c:\Users\nourg\.vscode\extensions\redhat.java-1.54.0-win32-x64\lombok\lombok-1.18.39-4050.jar c:\Users\nourg\.vscode\extensions\redhat.java-1.54.0-win32-x64\server\plugins\org.eclipse.equinox.launcher_1.7.100.v20251111-0406.jar -configuration c:\Users\nourg\AppData\Roaming\Code\User\globalStorage\redhat.java\1.54.0\config_ss_win -data c:\Users\nourg\AppData\Roaming\Code\User\workspaceStorage\382cc951b87783cacbf70da774fd0705\redhat.java\ss_ws --pipe=\\.\pipe\lsp-475e8e25a9db43e3abdebec16e22befc-sock

Host: AMD Ryzen 5 5600H with Radeon Graphics         , 12 cores, 5G,  Windows 11 , 64 bit Build 26100 (10.0.26100.8246)
Time: Fri Apr 17 11:51:13 2026 Afr. centrale Ouest elapsed time: 46.958969 seconds (0d 0h 0m 46s)

---------------  T H R E A D  ---------------

Current thread (0x000001cff88b1fa0):  JavaThread "C2 CompilerThread0" daemon [_thread_in_native, id=31528, stack(0x0000006c84c00000,0x0000006c84d00000) (1024K)]


Current CompileTask:
C2:46959 7715       4       java.io.DataOutputStream::writeUTF (389 bytes)

Stack: [0x0000006c84c00000,0x0000006c84d00000]
Native frames: (J=compiled Java code, j=interpreted, Vv=VM code, C=native code)
V  [jvm.dll+0x6d7a39]
V  [jvm.dll+0x8b4b26]
V  [jvm.dll+0x8b70de]
V  [jvm.dll+0x8b77c3]
V  [jvm.dll+0x284346]
V  [jvm.dll+0xc66ed]
V  [jvm.dll+0xc6c31]
V  [jvm.dll+0x3bec3b]
V  [jvm.dll+0x1e3d62]
V  [jvm.dll+0x24c6b3]
V  [jvm.dll+0x24bb40]
V  [jvm.dll+0x1cb34e]
V  [jvm.dll+0x25b85d]
V  [jvm.dll+0x259dea]
V  [jvm.dll+0x3f857e]
V  [jvm.dll+0x85f59d]
V  [jvm.dll+0x6d626d]
C  [ucrtbase.dll+0x37b0]
C  [KERNEL32.DLL+0x2e8d7]
C  [ntdll.dll+0x8c3fc]


---------------  P R O C E S S  ---------------

Threads class SMR info:
_java_thread_list=0x000001cfd8bb2fc0, length=50, elements={
0x000001cfefacf3b0, 0x000001cff7558fb0, 0x000001cff755eb10, 0x000001cff7565fe0,
0x000001cff7566a40, 0x000001cff75674a0, 0x000001cff756cf30, 0x000001cff88b1fa0,
0x000001cff88d5600, 0x000001cff8ac07b0, 0x000001cff8bfb150, 0x000001cffe6880a0,
0x000001cffe667da0, 0x000001cffe667080, 0x000001cffe665cd0, 0x000001cffeab69d0,
0x000001cffeabab70, 0x000001cffeabb200, 0x000001cffeab7d80, 0x000001cffeabb890,
0x000001cffeab8410, 0x000001cffeabbf20, 0x000001cffeabd2d0, 0x000001cffeabdff0,
0x000001cffeabc5b0, 0x000001cffeabcc40, 0x000001cffeabd960, 0x000001cfff434350,
0x000001cfff432fa0, 0x000001cfff4349e0, 0x000001cfff431bf0, 0x000001cfff435700,
0x000001cfff435070, 0x000001cfff433630, 0x000001cfff433cc0, 0x000001cfff432280,
0x000001cfff435d90, 0x000001cfff436420, 0x000001cfff437140, 0x000001cfff436ab0,
0x000001cfff438b80, 0x000001cfff437e60, 0x000001cffeab9e50, 0x000001cffeab7060,
0x000001cffeab76f0, 0x000001cffeab97c0, 0x000001cffeab8aa0, 0x000001cffe664920,
0x000001cffe664fb0, 0x000001cffe667710
}

Java Threads: ( => current thread )
  0x000001cfefacf3b0 JavaThread "main"                              [_thread_blocked, id=28408, stack(0x0000006c84200000,0x0000006c84300000) (1024K)]
  0x000001cff7558fb0 JavaThread "Reference Handler"          daemon [_thread_blocked, id=20168, stack(0x0000006c84600000,0x0000006c84700000) (1024K)]
  0x000001cff755eb10 JavaThread "Finalizer"                  daemon [_thread_blocked, id=35756, stack(0x0000006c84700000,0x0000006c84800000) (1024K)]
  0x000001cff7565fe0 JavaThread "Signal Dispatcher"          daemon [_thread_blocked, id=940, stack(0x0000006c84800000,0x0000006c84900000) (1024K)]
  0x000001cff7566a40 JavaThread "Attach Listener"            daemon [_thread_blocked, id=12972, stack(0x0000006c84900000,0x0000006c84a00000) (1024K)]
  0x000001cff75674a0 JavaThread "Service Thread"             daemon [_thread_blocked, id=8732, stack(0x0000006c84a00000,0x0000006c84b00000) (1024K)]
  0x000001cff756cf30 JavaThread "Monitor Deflation Thread"   daemon [_thread_blocked, id=9660, stack(0x0000006c84b00000,0x0000006c84c00000) (1024K)]
=>0x000001cff88b1fa0 JavaThread "C2 CompilerThread0"         daemon [_thread_in_native, id=31528, stack(0x0000006c84c00000,0x0000006c84d00000) (1024K)]
  0x000001cff88d5600 JavaThread "C1 CompilerThread0"         daemon [_thread_blocked, id=22956, stack(0x0000006c84d00000,0x0000006c84e00000) (1024K)]
  0x000001cff8ac07b0 JavaThread "Common-Cleaner"             daemon [_thread_blocked, id=12316, stack(0x0000006c84e00000,0x0000006c84f00000) (1024K)]
  0x000001cff8bfb150 JavaThread "Notification Thread"        daemon [_thread_blocked, id=34848, stack(0x0000006c84f00000,0x0000006c85000000) (1024K)]
  0x000001cffe6880a0 JavaThread "Active Thread: Equinox Container: 24872225-bd11-41a9-8f4c-2d96d915a5b3"        [_thread_blocked, id=24024, stack(0x0000006c85c00000,0x0000006c85d00000) (1024K)]
  0x000001cffe667da0 JavaThread "Framework Event Dispatcher: Equinox Container: 24872225-bd11-41a9-8f4c-2d96d915a5b3" daemon [_thread_blocked, id=33036, stack(0x0000006c85600000,0x0000006c85700000) (1024K)]
  0x000001cffe667080 JavaThread "Start Level: Equinox Container: 24872225-bd11-41a9-8f4c-2d96d915a5b3" daemon [_thread_blocked, id=26456, stack(0x0000006c85700000,0x0000006c85800000) (1024K)]
  0x000001cffe665cd0 JavaThread "Refresh Thread: Equinox Container: 24872225-bd11-41a9-8f4c-2d96d915a5b3" daemon [_thread_blocked, id=29172, stack(0x0000006c85900000,0x0000006c85a00000) (1024K)]
  0x000001cffeab69d0 JavaThread "SCR Component Actor"        daemon [_thread_blocked, id=5588, stack(0x0000006c86700000,0x0000006c86800000) (1024K)]
  0x000001cffeabab70 JavaThread "Worker-JM"                         [_thread_blocked, id=34004, stack(0x0000006c86a00000,0x0000006c86b00000) (1024K)]
  0x000001cffeabb200 JavaThread "JNA Cleaner"                daemon [_thread_blocked, id=20684, stack(0x0000006c86b00000,0x0000006c86c00000) (1024K)]
  0x000001cffeab7d80 JavaThread "Worker-0"                          [_thread_blocked, id=35220, stack(0x0000006c86c00000,0x0000006c86d00000) (1024K)]
  0x000001cffeabb890 JavaThread "Worker-1"                          [_thread_blocked, id=29292, stack(0x0000006c86d00000,0x0000006c86e00000) (1024K)]
  0x000001cffeab8410 JavaThread "Thread-1"                   daemon [_thread_in_native, id=14864, stack(0x0000006c87100000,0x0000006c87200000) (1024K)]
  0x000001cffeabbf20 JavaThread "Thread-2"                   daemon [_thread_in_native, id=22072, stack(0x0000006c87200000,0x0000006c87300000) (1024K)]
  0x000001cffeabd2d0 JavaThread "Thread-3"                   daemon [_thread_in_native, id=25560, stack(0x0000006c87300000,0x0000006c87400000) (1024K)]
  0x000001cffeabdff0 JavaThread "Thread-4"                   daemon [_thread_in_native, id=19432, stack(0x0000006c87400000,0x0000006c87500000) (1024K)]
  0x000001cffeabc5b0 JavaThread "Thread-5"                   daemon [_thread_in_native, id=24568, stack(0x0000006c87500000,0x0000006c87600000) (1024K)]
  0x000001cffeabcc40 JavaThread "Thread-6"                   daemon [_thread_in_native, id=28832, stack(0x0000006c87600000,0x0000006c87700000) (1024K)]
  0x000001cffeabd960 JavaThread "Thread-7"                   daemon [_thread_in_native, id=32796, stack(0x0000006c87700000,0x0000006c87800000) (1024K)]
  0x000001cfff434350 JavaThread "Thread-8"                   daemon [_thread_in_native, id=21228, stack(0x0000006c87800000,0x0000006c87900000) (1024K)]
  0x000001cfff432fa0 JavaThread "Thread-9"                   daemon [_thread_in_native, id=30328, stack(0x0000006c87900000,0x0000006c87a00000) (1024K)]
  0x000001cfff4349e0 JavaThread "Thread-10"                  daemon [_thread_in_native, id=33988, stack(0x0000006c87a00000,0x0000006c87b00000) (1024K)]
  0x000001cfff431bf0 JavaThread "Thread-11"                  daemon [_thread_in_native, id=34000, stack(0x0000006c87b00000,0x0000006c87c00000) (1024K)]
  0x000001cfff435700 JavaThread "Thread-12"                  daemon [_thread_in_native, id=35052, stack(0x0000006c87c00000,0x0000006c87d00000) (1024K)]
  0x000001cfff435070 JavaThread "Thread-13"                  daemon [_thread_in_native, id=28600, stack(0x0000006c87d00000,0x0000006c87e00000) (1024K)]
  0x000001cfff433630 JavaThread "pool-2-thread-1"                   [_thread_blocked, id=12836, stack(0x0000006c87e00000,0x0000006c87f00000) (1024K)]
  0x000001cfff433cc0 JavaThread "WorkspaceEventsHandler"            [_thread_blocked, id=4960, stack(0x0000006c87f00000,0x0000006c88000000) (1024K)]
  0x000001cfff432280 JavaThread "pool-1-thread-1"                   [_thread_blocked, id=32020, stack(0x0000006c88000000,0x0000006c88100000) (1024K)]
  0x000001cfff435d90 JavaThread "Worker-2"                          [_thread_blocked, id=22392, stack(0x0000006c88100000,0x0000006c88200000) (1024K)]
  0x000001cfff436420 JavaThread "Compiler Source File Reader" daemon [_thread_blocked, id=9044, stack(0x0000006c88200000,0x0000006c88300000) (1024K)]
  0x000001cfff437140 JavaThread "Compiler Source File Reader" daemon [_thread_blocked, id=35600, stack(0x0000006c88300000,0x0000006c88400000) (1024K)]
  0x000001cfff436ab0 JavaThread "Compiler Source File Reader" daemon [_thread_blocked, id=25500, stack(0x0000006c88400000,0x0000006c88500000) (1024K)]
  0x000001cfff438b80 JavaThread "Compiler Source File Reader" daemon [_thread_blocked, id=2476, stack(0x0000006c88500000,0x0000006c88600000) (1024K)]
  0x000001cfff437e60 JavaThread "Compiler Processing Task"   daemon [_thread_blocked, id=20976, stack(0x0000006c88600000,0x0000006c88700000) (1024K)]
  0x000001cffeab9e50 JavaThread "Compiler Source File Reader" daemon [_thread_blocked, id=9948, stack(0x0000006c85a00000,0x0000006c85b00000) (1024K)]
  0x000001cffeab7060 JavaThread "Compiler Source File Reader" daemon [_thread_blocked, id=2512, stack(0x0000006c85b00000,0x0000006c85c00000) (1024K)]
  0x000001cffeab76f0 JavaThread "Compiler Source File Reader" daemon [_thread_blocked, id=17236, stack(0x0000006c85d00000,0x0000006c85e00000) (1024K)]
  0x000001cffeab97c0 JavaThread "Compiler Source File Reader" daemon [_thread_blocked, id=33508, stack(0x0000006c85e00000,0x0000006c85f00000) (1024K)]
  0x000001cffeab8aa0 JavaThread "Compiler Source File Reader" daemon [_thread_blocked, id=20200, stack(0x0000006c85f00000,0x0000006c86000000) (1024K)]
  0x000001cffe664920 JavaThread "ForkJoinPool.commonPool-worker-1" daemon [_thread_blocked, id=27408, stack(0x0000006c86000000,0x0000006c86100000) (1024K)]
  0x000001cffe664fb0 JavaThread "pool-3-thread-1"                   [_thread_blocked, id=13248, stack(0x0000006c86200000,0x0000006c86300000) (1024K)]
  0x000001cffe667710 JavaThread "Framework stop - Equinox Container: 24872225-bd11-41a9-8f4c-2d96d915a5b3"        [_thread_in_Java, id=28908, stack(0x0000006c86100000,0x0000006c86200000) (1024K)]
Total: 50

Other Threads:
  0x000001cff88b10a0 VMThread "VM Thread"                           [id=26068, stack(0x0000006c84500000,0x0000006c84600000) (1024K)]
  0x000001cff744ca00 WatcherThread "VM Periodic Task Thread"        [id=34224, stack(0x0000006c84400000,0x0000006c84500000) (1024K)]
  0x000001cfefae1890 WorkerThread "GC Thread#0"                     [id=16412, stack(0x0000006c84300000,0x0000006c84400000) (1024K)]
  0x000001cffe184950 WorkerThread "GC Thread#1"                     [id=30040, stack(0x0000006c85000000,0x0000006c85100000) (1024K)]
  0x000001cffe138eb0 WorkerThread "GC Thread#2"                     [id=29804, stack(0x0000006c85100000,0x0000006c85200000) (1024K)]
  0x000001cff8c1c520 WorkerThread "GC Thread#3"                     [id=9004, stack(0x0000006c85200000,0x0000006c85300000) (1024K)]
  0x000001cff8c1c8d0 WorkerThread "GC Thread#4"                     [id=7880, stack(0x0000006c85300000,0x0000006c85400000) (1024K)]
  0x000001cffe13c2e0 WorkerThread "GC Thread#5"                     [id=35636, stack(0x0000006c85400000,0x0000006c85500000) (1024K)]
  0x000001cffe13c690 WorkerThread "GC Thread#6"                     [id=25104, stack(0x0000006c85500000,0x0000006c85600000) (1024K)]
  0x000001cffe6688e0 WorkerThread "GC Thread#7"                     [id=11028, stack(0x0000006c85800000,0x0000006c85900000) (1024K)]
  0x000001cffec0bcc0 WorkerThread "GC Thread#8"                     [id=34980, stack(0x0000006c86800000,0x0000006c86900000) (1024K)]
  0x000001cffe17bad0 WorkerThread "GC Thread#9"                     [id=8144, stack(0x0000006c86900000,0x0000006c86a00000) (1024K)]
Total: 12

Threads with active compile tasks:
C2 CompilerThread0  48018 7715       4       java.io.DataOutputStream::writeUTF (389 bytes)
C1 CompilerThread0  48018 7772       3       java.util.StringJoiner::add (110 bytes)
Total: 2

VM state: not at safepoint (normal execution)

VM Mutex/Monitor currently owned by a thread: None

Heap address: 0x0000000080000000, size: 2048 MB, Compressed Oops mode: 32-bit

CDS archive(s) mapped at: [0x000001cf8f000000-0x000001cf8fba0000-0x000001cf8fba0000), size 12189696, SharedBaseAddress: 0x000001cf8f000000, ArchiveRelocationMode: 1.
Compressed class space mapped at: 0x000001cf90000000-0x000001cfd0000000, reserved size: 1073741824
Narrow klass base: 0x000001cf8f000000, Narrow klass shift: 0, Narrow klass range: 0x100000000

GC Precious Log:
 CardTable entry size: 512
 CPUs: 12 total, 12 available
 Memory: 5996M
 Large Page Support: Disabled
 NUMA Support: Disabled
 Compressed Oops: Enabled (32-bit)
 Alignments: Space 512K, Generation 512K, Heap 2M
 Heap Min Capacity: 100M
 Heap Initial Capacity: 100M
 Heap Max Capacity: 2G
 Pre-touch: Disabled
 Parallel Workers: 10

Heap:
 PSYoungGen      total 23040K, used 13386K [0x00000000d5580000, 0x00000000d7000000, 0x0000000100000000)
  eden space 21504K, 57% used [0x00000000d5580000,0x00000000d6182b78,0x00000000d6a80000)
  from space 1536K, 70% used [0x00000000d6e80000,0x00000000d6f90000,0x00000000d7000000)
  to   space 2048K, 0% used [0x00000000d6c00000,0x00000000d6c00000,0x00000000d6e00000)
 ParOldGen       total 68608K, used 40680K [0x0000000080000000, 0x0000000084300000, 0x00000000d5580000)
  object space 68608K, 59% used [0x0000000080000000,0x00000000827ba3a8,0x0000000084300000)
 Metaspace       used 45980K, committed 47040K, reserved 1114112K
  class space    used 4518K, committed 4992K, reserved 1048576K

Card table byte_map: [0x000001cfef480000,0x000001cfef890000] _byte_map_base: 0x000001cfef080000

Marking Bits: (ParMarkBitMap*) 0x00007ff8b2a23450
 Begin Bits: [0x000001cff2f70000, 0x000001cff4f70000)
 End Bits:   [0x000001cff4f70000, 0x000001cff6f70000)

Polling page: 0x000001cfed980000

Metaspace:

Usage:
  Non-class:     40.49 MB used.
      Class:      4.41 MB used.
       Both:     44.90 MB used.

Virtual space:
  Non-class space:       64.00 MB reserved,      41.06 MB ( 64%) committed,  1 nodes.
      Class space:        1.00 GB reserved,       4.88 MB ( <1%) committed,  1 nodes.
             Both:        1.06 GB reserved,      45.94 MB (  4%) committed. 

Chunk freelists:
   Non-Class:  6.72 MB
       Class:  11.14 MB
        Both:  17.86 MB

MaxMetaspaceSize: unlimited
CompressedClassSpaceSize: 1.00 GB
Initial GC threshold: 21.00 MB
Current GC threshold: 58.38 MB
CDS: on
 - commit_granule_bytes: 65536.
 - commit_granule_words: 8192.
 - virtual_space_node_default_size: 8388608.
 - enlarge_chunks_in_place: 1.
 - use_allocation_guard: 0.


Internal statistics:

num_allocs_failed_limit: 6.
num_arena_births: 852.
num_arena_deaths: 14.
num_vsnodes_births: 2.
num_vsnodes_deaths: 0.
num_space_committed: 735.
num_space_uncommitted: 0.
num_chunks_returned_to_freelist: 20.
num_chunks_taken_from_freelist: 2804.
num_chunk_merges: 10.
num_chunk_splits: 1794.
num_chunks_enlarged: 1116.
num_inconsistent_stats: 0.

CodeHeap 'non-profiled nmethods': size=120000Kb used=3797Kb max_used=3797Kb free=116202Kb
 bounds [0x000001cf87ad0000, 0x000001cf87e90000, 0x000001cf8f000000]
CodeHeap 'profiled nmethods': size=120000Kb used=16862Kb max_used=16862Kb free=103137Kb
 bounds [0x000001cf80000000, 0x000001cf81080000, 0x000001cf87530000]
CodeHeap 'non-nmethods': size=5760Kb used=1413Kb max_used=1481Kb free=4346Kb
 bounds [0x000001cf87530000, 0x000001cf877a0000, 0x000001cf87ad0000]
CodeCache: size=245760Kb, used=22072Kb, max_used=22140Kb, free=223685Kb
 total_blobs=7987, nmethods=7264, adapters=628, full_count=0
Compilation: enabled, stopped_count=0, restarted_count=0

Compilation events (20 events):
Event: 43.908 Thread 0x000001cff88d5600 7739   !   3       jdk.xml.internal.SecuritySupport::readConfig (150 bytes)
Event: 43.911 Thread 0x000001cff88d5600 nmethod 7739 0x000001cf81059c10 code [0x000001cf8105a180, 0x000001cf8105d0c0]
Event: 43.911 Thread 0x000001cff88d5600 7741       3       com.sun.org.apache.xml.internal.serializer.ToStream$CharacterBuffer::isAnyCharactersBuffered (18 bytes)
Event: 43.912 Thread 0x000001cff88d5600 nmethod 7741 0x000001cf8105e210 code [0x000001cf8105e3c0, 0x000001cf8105e5e8]
Event: 43.912 Thread 0x000001cff88d5600 7740       3       com.sun.org.apache.xerces.internal.dom.AttributeMap::setNamedItem (313 bytes)
Event: 43.914 Thread 0x000001cff88d5600 nmethod 7740 0x000001cf8105e690 code [0x000001cf8105eaa0, 0x000001cf810608e8]
Event: 43.914 Thread 0x000001cff88d5600 7742       3       java.util.regex.Matcher::start (18 bytes)
Event: 43.914 Thread 0x000001cff88d5600 nmethod 7742 0x000001cf81061190 code [0x000001cf81061380, 0x000001cf81061730]
Event: 43.916 Thread 0x000001cff88d5600 7743       3       org.eclipse.osgi.internal.framework.EquinoxContainerAdaptor::getType (96 bytes)
Event: 43.916 Thread 0x000001cff88d5600 nmethod 7743 0x000001cf81061910 code [0x000001cf81061b20, 0x000001cf81061fa8]
Event: 43.916 Thread 0x000001cff88d5600 7747       3       java.lang.invoke.VarHandleInts$FieldInstanceReadWrite::setRelease (28 bytes)
Event: 43.917 Thread 0x000001cff88d5600 nmethod 7747 0x000001cf81062110 code [0x000001cf81062320, 0x000001cf81062920]
Event: 43.917 Thread 0x000001cff88d5600 7745       3       org.eclipse.osgi.internal.log.ExtendedLogReaderServiceFactory::incrementNestedCount (17 bytes)
Event: 43.917 Thread 0x000001cff88d5600 nmethod 7745 0x000001cf81062b90 code [0x000001cf81062d80, 0x000001cf81063288]
Event: 43.917 Thread 0x000001cff88d5600 7746       3       org.eclipse.osgi.internal.log.ExtendedLogReaderServiceFactory::decrementNestedCount (21 bytes)
Event: 43.918 Thread 0x000001cff88d5600 nmethod 7746 0x000001cf81063490 code [0x000001cf81063680, 0x000001cf81063bf8]
Event: 44.926 Thread 0x000001cff88d5600 7744   !   3       org.eclipse.osgi.internal.framework.EquinoxContainerAdaptor::$SWITCH_TABLE$org$eclipse$osgi$container$ModuleContainerAdaptor$ModuleEvent (157 bytes)
Event: 44.943 Thread 0x000001cff88d5600 nmethod 7744 0x000001cf81063e10 code [0x000001cf81064020, 0x000001cf810646c8]
Event: 44.943 Thread 0x000001cff88d5600 7748       3       java.util.concurrent.FutureTask::done (1 bytes)
Event: 44.943 Thread 0x000001cff88d5600 nmethod 7748 0x000001cf81064990 code [0x000001cf81064b20, 0x000001cf81064c28]

GC Heap History (20 events):
Event: 21.901 GC heap before
{Heap before GC invocations=19 (full 1):
 PSYoungGen      total 24064K, used 2969K [0x00000000d5580000, 0x00000000d7780000, 0x0000000100000000)
  eden space 21504K, 1% used [0x00000000d5580000,0x00000000d55e6538,0x00000000d6a80000)
  from space 2560K, 100% used [0x00000000d6a80000,0x00000000d6d00000,0x00000000d6d00000)
  to   space 6656K, 0% used [0x00000000d7100000,0x00000000d7100000,0x00000000d7780000)
 ParOldGen       total 68608K, used 29628K [0x0000000080000000, 0x0000000084300000, 0x00000000d5580000)
  object space 68608K, 43% used [0x0000000080000000,0x0000000081cef3b8,0x0000000084300000)
 Metaspace       used 34959K, committed 35840K, reserved 1114112K
  class space    used 3510K, committed 3968K, reserved 1048576K
}
Event: 21.906 GC heap after
{Heap after GC invocations=19 (full 1):
 PSYoungGen      total 22016K, used 224K [0x00000000d5580000, 0x00000000d7180000, 0x0000000100000000)
  eden space 21504K, 0% used [0x00000000d5580000,0x00000000d5580000,0x00000000d6a80000)
  from space 512K, 43% used [0x00000000d7100000,0x00000000d7138000,0x00000000d7180000)
  to   space 2560K, 0% used [0x00000000d6c80000,0x00000000d6c80000,0x00000000d6f00000)
 ParOldGen       total 68608K, used 32195K [0x0000000080000000, 0x0000000084300000, 0x00000000d5580000)
  object space 68608K, 46% used [0x0000000080000000,0x0000000081f70d30,0x0000000084300000)
 Metaspace       used 34959K, committed 35840K, reserved 1114112K
  class space    used 3510K, committed 3968K, reserved 1048576K
}
Event: 21.906 GC heap before
{Heap before GC invocations=20 (full 2):
 PSYoungGen      total 22016K, used 224K [0x00000000d5580000, 0x00000000d7180000, 0x0000000100000000)
  eden space 21504K, 0% used [0x00000000d5580000,0x00000000d5580000,0x00000000d6a80000)
  from space 512K, 43% used [0x00000000d7100000,0x00000000d7138000,0x00000000d7180000)
  to   space 2560K, 0% used [0x00000000d6c80000,0x00000000d6c80000,0x00000000d6f00000)
 ParOldGen       total 68608K, used 32195K [0x0000000080000000, 0x0000000084300000, 0x00000000d5580000)
  object space 68608K, 46% used [0x0000000080000000,0x0000000081f70d30,0x0000000084300000)
 Metaspace       used 34959K, committed 35840K, reserved 1114112K
  class space    used 3510K, committed 3968K, reserved 1048576K
}
Event: 21.972 GC heap after
{Heap after GC invocations=20 (full 2):
 PSYoungGen      total 22016K, used 0K [0x00000000d5580000, 0x00000000d7180000, 0x0000000100000000)
  eden space 21504K, 0% used [0x00000000d5580000,0x00000000d5580000,0x00000000d6a80000)
  from space 512K, 0% used [0x00000000d7100000,0x00000000d7100000,0x00000000d7180000)
  to   space 2560K, 0% used [0x00000000d6c80000,0x00000000d6c80000,0x00000000d6f00000)
 ParOldGen       total 68608K, used 30961K [0x0000000080000000, 0x0000000084300000, 0x00000000d5580000)
  object space 68608K, 45% used [0x0000000080000000,0x0000000081e3c638,0x0000000084300000)
 Metaspace       used 34959K, committed 35840K, reserved 1114112K
  class space    used 3510K, committed 3968K, reserved 1048576K
}
Event: 22.497 GC heap before
{Heap before GC invocations=21 (full 2):
 PSYoungGen      total 22016K, used 21504K [0x00000000d5580000, 0x00000000d7180000, 0x0000000100000000)
  eden space 21504K, 100% used [0x00000000d5580000,0x00000000d6a80000,0x00000000d6a80000)
  from space 512K, 0% used [0x00000000d7100000,0x00000000d7100000,0x00000000d7180000)
  to   space 2560K, 0% used [0x00000000d6c80000,0x00000000d6c80000,0x00000000d6f00000)
 ParOldGen       total 68608K, used 30961K [0x0000000080000000, 0x0000000084300000, 0x00000000d5580000)
  object space 68608K, 45% used [0x0000000080000000,0x0000000081e3c638,0x0000000084300000)
 Metaspace       used 36109K, committed 37056K, reserved 1114112K
  class space    used 3656K, committed 4096K, reserved 1048576K
}
Event: 22.499 GC heap after
{Heap after GC invocations=21 (full 2):
 PSYoungGen      total 24064K, used 384K [0x00000000d5580000, 0x00000000d7180000, 0x0000000100000000)
  eden space 21504K, 0% used [0x00000000d5580000,0x00000000d5580000,0x00000000d6a80000)
  from space 2560K, 15% used [0x00000000d6c80000,0x00000000d6ce0000,0x00000000d6f00000)
  to   space 1024K, 0% used [0x00000000d7080000,0x00000000d7080000,0x00000000d7180000)
 ParOldGen       total 68608K, used 30969K [0x0000000080000000, 0x0000000084300000, 0x00000000d5580000)
  object space 68608K, 45% used [0x0000000080000000,0x0000000081e3e638,0x0000000084300000)
 Metaspace       used 36109K, committed 37056K, reserved 1114112K
  class space    used 3656K, committed 4096K, reserved 1048576K
}
Event: 22.716 GC heap before
{Heap before GC invocations=22 (full 2):
 PSYoungGen      total 24064K, used 21888K [0x00000000d5580000, 0x00000000d7180000, 0x0000000100000000)
  eden space 21504K, 100% used [0x00000000d5580000,0x00000000d6a80000,0x00000000d6a80000)
  from space 2560K, 15% used [0x00000000d6c80000,0x00000000d6ce0000,0x00000000d6f00000)
  to   space 1024K, 0% used [0x00000000d7080000,0x00000000d7080000,0x00000000d7180000)
 ParOldGen       total 68608K, used 30969K [0x0000000080000000, 0x0000000084300000, 0x00000000d5580000)
  object space 68608K, 45% used [0x0000000080000000,0x0000000081e3e638,0x0000000084300000)
 Metaspace       used 36868K, committed 37760K, reserved 1114112K
  class space    used 3722K, committed 4160K, reserved 1048576K
}
Event: 22.718 GC heap after
{Heap after GC invocations=22 (full 2):
 PSYoungGen      total 22528K, used 1007K [0x00000000d5580000, 0x00000000d7180000, 0x0000000100000000)
  eden space 21504K, 0% used [0x00000000d5580000,0x00000000d5580000,0x00000000d6a80000)
  from space 1024K, 98% used [0x00000000d7080000,0x00000000d717bc50,0x00000000d7180000)
  to   space 2048K, 0% used [0x00000000d6d80000,0x00000000d6d80000,0x00000000d6f80000)
 ParOldGen       total 68608K, used 31687K [0x0000000080000000, 0x0000000084300000, 0x00000000d5580000)
  object space 68608K, 46% used [0x0000000080000000,0x0000000081ef1c88,0x0000000084300000)
 Metaspace       used 36868K, committed 37760K, reserved 1114112K
  class space    used 3722K, committed 4160K, reserved 1048576K
}
Event: 22.794 GC heap before
{Heap before GC invocations=23 (full 2):
 PSYoungGen      total 22528K, used 22511K [0x00000000d5580000, 0x00000000d7180000, 0x0000000100000000)
  eden space 21504K, 100% used [0x00000000d5580000,0x00000000d6a80000,0x00000000d6a80000)
  from space 1024K, 98% used [0x00000000d7080000,0x00000000d717bc50,0x00000000d7180000)
  to   space 2048K, 0% used [0x00000000d6d80000,0x00000000d6d80000,0x00000000d6f80000)
 ParOldGen       total 68608K, used 31687K [0x0000000080000000, 0x0000000084300000, 0x00000000d5580000)
  object space 68608K, 46% used [0x0000000080000000,0x0000000081ef1c88,0x0000000084300000)
 Metaspace       used 36882K, committed 37760K, reserved 1114112K
  class space    used 3722K, committed 4160K, reserved 1048576K
}
Event: 22.796 GC heap after
{Heap after GC invocations=23 (full 2):
 PSYoungGen      total 23552K, used 1066K [0x00000000d5580000, 0x00000000d7100000, 0x0000000100000000)
  eden space 21504K, 0% used [0x00000000d5580000,0x00000000d5580000,0x00000000d6a80000)
  from space 2048K, 52% used [0x00000000d6d80000,0x00000000d6e8a998,0x00000000d6f80000)
  to   space 1536K, 0% used [0x00000000d6f80000,0x00000000d6f80000,0x00000000d7100000)
 ParOldGen       total 68608K, used 31943K [0x0000000080000000, 0x0000000084300000, 0x00000000d5580000)
  object space 68608K, 46% used [0x0000000080000000,0x0000000081f31c88,0x0000000084300000)
 Metaspace       used 36882K, committed 37760K, reserved 1114112K
  class space    used 3722K, committed 4160K, reserved 1048576K
}
Event: 23.354 GC heap before
{Heap before GC invocations=24 (full 2):
 PSYoungGen      total 23552K, used 22570K [0x00000000d5580000, 0x00000000d7100000, 0x0000000100000000)
  eden space 21504K, 100% used [0x00000000d5580000,0x00000000d6a80000,0x00000000d6a80000)
  from space 2048K, 52% used [0x00000000d6d80000,0x00000000d6e8a998,0x00000000d6f80000)
  to   space 1536K, 0% used [0x00000000d6f80000,0x00000000d6f80000,0x00000000d7100000)
 ParOldGen       total 68608K, used 31943K [0x0000000080000000, 0x0000000084300000, 0x00000000d5580000)
  object space 68608K, 46% used [0x0000000080000000,0x0000000081f31c88,0x0000000084300000)
 Metaspace       used 40467K, committed 41344K, reserved 1114112K
  class space    used 4053K, committed 4480K, reserved 1048576K
}
Event: 23.356 GC heap after
{Heap after GC invocations=24 (full 2):
 PSYoungGen      total 22528K, used 912K [0x00000000d5580000, 0x00000000d7080000, 0x0000000100000000)
  eden space 21504K, 0% used [0x00000000d5580000,0x00000000d5580000,0x00000000d6a80000)
  from space 1024K, 89% used [0x00000000d6f80000,0x00000000d7064010,0x00000000d7080000)
  to   space 1024K, 0% used [0x00000000d6e80000,0x00000000d6e80000,0x00000000d6f80000)
 ParOldGen       total 68608K, used 31975K [0x0000000080000000, 0x0000000084300000, 0x00000000d5580000)
  object space 68608K, 46% used [0x0000000080000000,0x0000000081f39c88,0x0000000084300000)
 Metaspace       used 40467K, committed 41344K, reserved 1114112K
  class space    used 4053K, committed 4480K, reserved 1048576K
}
Event: 23.829 GC heap before
{Heap before GC invocations=25 (full 2):
 PSYoungGen      total 22528K, used 22416K [0x00000000d5580000, 0x00000000d7080000, 0x0000000100000000)
  eden space 21504K, 100% used [0x00000000d5580000,0x00000000d6a80000,0x00000000d6a80000)
  from space 1024K, 89% used [0x00000000d6f80000,0x00000000d7064010,0x00000000d7080000)
  to   space 1024K, 0% used [0x00000000d6e80000,0x00000000d6e80000,0x00000000d6f80000)
 ParOldGen       total 68608K, used 31975K [0x0000000080000000, 0x0000000084300000, 0x00000000d5580000)
  object space 68608K, 46% used [0x0000000080000000,0x0000000081f39c88,0x0000000084300000)
 Metaspace       used 42705K, committed 43712K, reserved 1114112K
  class space    used 4285K, committed 4736K, reserved 1048576K
}
Event: 23.832 GC heap after
{Heap after GC invocations=25 (full 2):
 PSYoungGen      total 22528K, used 1006K [0x00000000d5580000, 0x00000000d7180000, 0x0000000100000000)
  eden space 21504K, 0% used [0x00000000d5580000,0x00000000d5580000,0x00000000d6a80000)
  from space 1024K, 98% used [0x00000000d6e80000,0x00000000d6f7ba58,0x00000000d6f80000)
  to   space 2048K, 0% used [0x00000000d6f80000,0x00000000d6f80000,0x00000000d7180000)
 ParOldGen       total 68608K, used 34116K [0x0000000080000000, 0x0000000084300000, 0x00000000d5580000)
  object space 68608K, 49% used [0x0000000080000000,0x0000000082151108,0x0000000084300000)
 Metaspace       used 42705K, committed 43712K, reserved 1114112K
  class space    used 4285K, committed 4736K, reserved 1048576K
}
Event: 24.350 GC heap before
{Heap before GC invocations=26 (full 2):
 PSYoungGen      total 22528K, used 22510K [0x00000000d5580000, 0x00000000d7180000, 0x0000000100000000)
  eden space 21504K, 100% used [0x00000000d5580000,0x00000000d6a80000,0x00000000d6a80000)
  from space 1024K, 98% used [0x00000000d6e80000,0x00000000d6f7ba58,0x00000000d6f80000)
  to   space 2048K, 0% used [0x00000000d6f80000,0x00000000d6f80000,0x00000000d7180000)
 ParOldGen       total 68608K, used 34116K [0x0000000080000000, 0x0000000084300000, 0x00000000d5580000)
  object space 68608K, 49% used [0x0000000080000000,0x0000000082151108,0x0000000084300000)
 Metaspace       used 43894K, committed 44864K, reserved 1114112K
  class space    used 4375K, committed 4800K, reserved 1048576K
}
Event: 24.354 GC heap after
{Heap after GC invocations=26 (full 2):
 PSYoungGen      total 23552K, used 2037K [0x00000000d5580000, 0x00000000d7380000, 0x0000000100000000)
  eden space 21504K, 0% used [0x00000000d5580000,0x00000000d5580000,0x00000000d6a80000)
  from space 2048K, 99% used [0x00000000d6f80000,0x00000000d717d608,0x00000000d7180000)
  to   space 4608K, 0% used [0x00000000d6a80000,0x00000000d6a80000,0x00000000d6f00000)
 ParOldGen       total 68608K, used 36148K [0x0000000080000000, 0x0000000084300000, 0x00000000d5580000)
  object space 68608K, 52% used [0x0000000080000000,0x000000008234d0b8,0x0000000084300000)
 Metaspace       used 43894K, committed 44864K, reserved 1114112K
  class space    used 4375K, committed 4800K, reserved 1048576K
}
Event: 25.096 GC heap before
{Heap before GC invocations=27 (full 2):
 PSYoungGen      total 23552K, used 23541K [0x00000000d5580000, 0x00000000d7380000, 0x0000000100000000)
  eden space 21504K, 100% used [0x00000000d5580000,0x00000000d6a80000,0x00000000d6a80000)
  from space 2048K, 99% used [0x00000000d6f80000,0x00000000d717d608,0x00000000d7180000)
  to   space 4608K, 0% used [0x00000000d6a80000,0x00000000d6a80000,0x00000000d6f00000)
 ParOldGen       total 68608K, used 36148K [0x0000000080000000, 0x0000000084300000, 0x00000000d5580000)
  object space 68608K, 52% used [0x0000000080000000,0x000000008234d0b8,0x0000000084300000)
 Metaspace       used 44608K, committed 45568K, reserved 1114112K
  class space    used 4426K, committed 4864K, reserved 1048576K
}
Event: 25.099 GC heap after
{Heap after GC invocations=27 (full 2):
 PSYoungGen      total 25088K, used 3540K [0x00000000d5580000, 0x00000000d7280000, 0x0000000100000000)
  eden space 21504K, 0% used [0x00000000d5580000,0x00000000d5580000,0x00000000d6a80000)
  from space 3584K, 98% used [0x00000000d6a80000,0x00000000d6df52e8,0x00000000d6e00000)
  to   space 4096K, 0% used [0x00000000d6e80000,0x00000000d6e80000,0x00000000d7280000)
 ParOldGen       total 68608K, used 37426K [0x0000000080000000, 0x0000000084300000, 0x00000000d5580000)
  object space 68608K, 54% used [0x0000000080000000,0x000000008248c810,0x0000000084300000)
 Metaspace       used 44608K, committed 45568K, reserved 1114112K
  class space    used 4426K, committed 4864K, reserved 1048576K
}
Event: 25.530 GC heap before
{Heap before GC invocations=28 (full 2):
 PSYoungGen      total 25088K, used 25044K [0x00000000d5580000, 0x00000000d7280000, 0x0000000100000000)
  eden space 21504K, 100% used [0x00000000d5580000,0x00000000d6a80000,0x00000000d6a80000)
  from space 3584K, 98% used [0x00000000d6a80000,0x00000000d6df52e8,0x00000000d6e00000)
  to   space 4096K, 0% used [0x00000000d6e80000,0x00000000d6e80000,0x00000000d7280000)
 ParOldGen       total 68608K, used 37426K [0x0000000080000000, 0x0000000084300000, 0x00000000d5580000)
  object space 68608K, 54% used [0x0000000080000000,0x000000008248c810,0x0000000084300000)
 Metaspace       used 45306K, committed 46336K, reserved 1114112K
  class space    used 4450K, committed 4928K, reserved 1048576K
}
Event: 25.534 GC heap after
{Heap after GC invocations=28 (full 2):
 PSYoungGen      total 23040K, used 1088K [0x00000000d5580000, 0x00000000d7000000, 0x0000000100000000)
  eden space 21504K, 0% used [0x00000000d5580000,0x00000000d5580000,0x00000000d6a80000)
  from space 1536K, 70% used [0x00000000d6e80000,0x00000000d6f90000,0x00000000d7000000)
  to   space 2048K, 0% used [0x00000000d6c00000,0x00000000d6c00000,0x00000000d6e00000)
 ParOldGen       total 68608K, used 40680K [0x0000000080000000, 0x0000000084300000, 0x00000000d5580000)
  object space 68608K, 59% used [0x0000000080000000,0x00000000827ba3a8,0x0000000084300000)
 Metaspace       used 45306K, committed 46336K, reserved 1114112K
  class space    used 4450K, committed 4928K, reserved 1048576K
}

Dll operation events (10 events):
Event: 0.368 Loaded shared library c:\Users\nourg\.vscode\extensions\redhat.java-1.54.0-win32-x64\jre\21.0.10-win32-x86_64\bin\java.dll
Event: 0.647 Loaded shared library c:\Users\nourg\.vscode\extensions\redhat.java-1.54.0-win32-x64\jre\21.0.10-win32-x86_64\bin\zip.dll
Event: 0.690 Loaded shared library C:\Users\nourg\.vscode\extensions\redhat.java-1.54.0-win32-x64\jre\21.0.10-win32-x86_64\bin\instrument.dll
Event: 0.782 Loaded shared library C:\Users\nourg\.vscode\extensions\redhat.java-1.54.0-win32-x64\jre\21.0.10-win32-x86_64\bin\net.dll
Event: 0.858 Loaded shared library C:\Users\nourg\.vscode\extensions\redhat.java-1.54.0-win32-x64\jre\21.0.10-win32-x86_64\bin\nio.dll
Event: 0.864 Loaded shared library C:\Users\nourg\.vscode\extensions\redhat.java-1.54.0-win32-x64\jre\21.0.10-win32-x86_64\bin\zip.dll
Event: 0.896 Loaded shared library C:\Users\nourg\.vscode\extensions\redhat.java-1.54.0-win32-x64\jre\21.0.10-win32-x86_64\bin\jimage.dll
Event: 1.097 Loaded shared library c:\Users\nourg\.vscode\extensions\redhat.java-1.54.0-win32-x64\jre\21.0.10-win32-x86_64\bin\verify.dll
Event: 14.549 Loaded shared library C:\Users\nourg\AppData\Roaming\Code\User\globalStorage\redhat.java\1.54.0\config_ss_win\org.eclipse.equinox.launcher\org.eclipse.equinox.launcher.win32.win32.x86_64_1.3.0.v20260203-2149\eclipse_11919.dll
Event: 18.557 Loaded shared library C:\Users\nourg\AppData\Local\Temp\jna-105010185\jna5183244799679082506.dll

Deoptimization events (20 events):
Event: 43.822 Thread 0x000001cffeab7d80 Uncommon trap: trap_request=0xffffff45 fr.pc=0x000001cf87c6c940 relative=0x00000000000001a0
Event: 43.822 Thread 0x000001cffeab7d80 Uncommon trap: reason=unstable_if action=reinterpret pc=0x000001cf87c6c940 method=jdk.internal.org.objectweb.asm.Frame.push(I)V @ 26 c2
Event: 43.822 Thread 0x000001cffeab7d80 DEOPT PACKING pc=0x000001cf87c6c940 sp=0x0000006c86cfd240
Event: 43.822 Thread 0x000001cffeab7d80 DEOPT UNPACKING pc=0x000001cf87583aa2 sp=0x0000006c86cfd1c8 mode 2
Event: 43.834 Thread 0x000001cffe665640 DEOPT PACKING pc=0x000001cf81038ba8 sp=0x0000006c861fdcf0
Event: 43.834 Thread 0x000001cffe665640 DEOPT UNPACKING pc=0x000001cf87584242 sp=0x0000006c861fd248 mode 0
Event: 43.837 Thread 0x000001cffe665640 DEOPT PACKING pc=0x000001cf81038ba8 sp=0x0000006c861fdc70
Event: 43.837 Thread 0x000001cffe665640 DEOPT UNPACKING pc=0x000001cf87584242 sp=0x0000006c861fd1c8 mode 0
Event: 43.838 Thread 0x000001cffe665640 DEOPT PACKING pc=0x000001cf81038ba8 sp=0x0000006c861fdc70
Event: 43.838 Thread 0x000001cffe665640 DEOPT UNPACKING pc=0x000001cf87584242 sp=0x0000006c861fd1c8 mode 0
Event: 43.838 Thread 0x000001cffe665640 DEOPT PACKING pc=0x000001cf81038ba8 sp=0x0000006c861fdc70
Event: 43.838 Thread 0x000001cffe665640 DEOPT UNPACKING pc=0x000001cf87584242 sp=0x0000006c861fd1c8 mode 0
Event: 43.887 Thread 0x000001cfff432280 Uncommon trap: trap_request=0x0000002e fr.pc=0x000001cf87c85488 relative=0x0000000000000428
Event: 43.887 Thread 0x000001cfff432280 Uncommon trap: reason=unloaded action=reinterpret pc=0x000001cf87c85488 method=org.eclipse.jdt.ls.core.internal.ConnectionStreamFactory$NamedPipeInputStream.read()I @ 119 c2
Event: 43.887 Thread 0x000001cfff432280 DEOPT PACKING pc=0x000001cf87c85488 sp=0x0000006c880ff1d0
Event: 43.887 Thread 0x000001cfff432280 DEOPT UNPACKING pc=0x000001cf87583aa2 sp=0x0000006c880ff170 mode 2
Event: 43.908 Thread 0x000001cffe667710 Uncommon trap: trap_request=0xffffffde fr.pc=0x000001cf87cdb278 relative=0x00000000000005f8
Event: 43.908 Thread 0x000001cffe667710 Uncommon trap: reason=class_check action=maybe_recompile pc=0x000001cf87cdb278 method=java.util.Spliterators$1Adapter.hasNext()Z @ 12 c2
Event: 43.908 Thread 0x000001cffe667710 DEOPT PACKING pc=0x000001cf87cdb278 sp=0x0000006c861fe5f0
Event: 43.908 Thread 0x000001cffe667710 DEOPT UNPACKING pc=0x000001cf87583aa2 sp=0x0000006c861fe5a8 mode 2

Classes loaded (20 events):
Event: 43.906 Loading class java/lang/StackStreamFactory$StackFrameTraverser$StackFrameBuffer
Event: 43.906 Loading class java/lang/StackStreamFactory$StackFrameTraverser$StackFrameBuffer done
Event: 43.907 Loading class java/lang/Throwable$WrappedPrintWriter
Event: 43.907 Loading class java/lang/Throwable$PrintStreamOrWriter
Event: 43.907 Loading class java/lang/Throwable$PrintStreamOrWriter done
Event: 43.907 Loading class java/lang/Throwable$WrappedPrintWriter done
Event: 43.908 Loading class java/util/logging/Level$RbAccess
Event: 43.908 Loading class java/util/logging/Level$RbAccess done
Event: 43.909 Loading class sun/util/logging/resources/logging
Event: 43.909 Loading class sun/util/logging/resources/logging done
Event: 43.909 Loading class sun/util/logging/resources/logging_fr
Event: 43.910 Loading class sun/util/logging/resources/logging_fr done
Event: 43.910 Loading class sun/util/logging/resources/logging_fr_FR
Event: 43.910 Loading class sun/util/logging/resources/logging_fr_FR done
Event: 43.910 Loading class sun/util/logging/resources/logging_fr_FR
Event: 43.910 Loading class sun/util/logging/resources/logging_fr_FR done
Event: 43.911 Loading class java/util/Formatter$DateTime
Event: 43.911 Loading class java/util/Formatter$DateTime done
Event: 43.912 Loading class java/time/ZonedDateTime$1
Event: 43.912 Loading class java/time/ZonedDateTime$1 done

Classes unloaded (7 events):
Event: 19.142 Thread 0x000001cff88b10a0 Unloading class 0x000001cf901a1000 'java/lang/invoke/LambdaForm$MH+0x000001cf901a1000'
Event: 19.142 Thread 0x000001cff88b10a0 Unloading class 0x000001cf901a0c00 'java/lang/invoke/LambdaForm$MH+0x000001cf901a0c00'
Event: 19.142 Thread 0x000001cff88b10a0 Unloading class 0x000001cf901a0800 'java/lang/invoke/LambdaForm$MH+0x000001cf901a0800'
Event: 19.142 Thread 0x000001cff88b10a0 Unloading class 0x000001cf901a0400 'java/lang/invoke/LambdaForm$MH+0x000001cf901a0400'
Event: 19.142 Thread 0x000001cff88b10a0 Unloading class 0x000001cf901a0000 'java/lang/invoke/LambdaForm$BMH+0x000001cf901a0000'
Event: 19.142 Thread 0x000001cff88b10a0 Unloading class 0x000001cf9019fc00 'java/lang/invoke/LambdaForm$DMH+0x000001cf9019fc00'
Event: 19.142 Thread 0x000001cff88b10a0 Unloading class 0x000001cf9019e800 'java/lang/invoke/LambdaForm$DMH+0x000001cf9019e800'

Classes redefined (0 events):
No events

Internal exceptions (20 events):
Event: 23.870 Thread 0x000001cfff432280 Exception <a 'java/lang/NoSuchMethodError'{0x00000000d56f2190}: 'java.lang.Object java.lang.invoke.DirectMethodHandle$Holder.invokeStatic(java.lang.Object, int, java.lang.Object)'> (0x00000000d56f2190) 
thrown [s\src\hotspot\share\interpreter\linkResolver.cpp, line 773]
Event: 23.890 Thread 0x000001cfff437e60 Exception <a 'java/lang/NoSuchMethodError'{0x00000000d594c048}: 'int java.lang.invoke.DirectMethodHandle$Holder.invokeSpecial(java.lang.Object, java.lang.Object, java.lang.Object, java.lang.Object)'> (0x00000000d594c048) 
thrown [s\src\hotspot\share\interpreter\linkResolver.cpp, line 773]
Event: 24.093 Thread 0x000001cfff432280 Exception <a 'sun/nio/fs/WindowsException'{0x00000000d6233080}> (0x00000000d6233080) 
thrown [s\src\hotspot\share\prims\jni.cpp, line 520]
Event: 24.341 Thread 0x000001cfff432280 Exception <a 'sun/nio/fs/WindowsException'{0x00000000d6a44408}> (0x00000000d6a44408) 
thrown [s\src\hotspot\share\prims\jni.cpp, line 520]
Event: 24.523 Thread 0x000001cfff432280 Exception <a 'sun/nio/fs/WindowsException'{0x00000000d5b6db48}> (0x00000000d5b6db48) 
thrown [s\src\hotspot\share\prims\jni.cpp, line 520]
Event: 25.144 Thread 0x000001cfff437e60 Exception <a 'java/lang/NoSuchMethodError'{0x00000000d570d068}: 'void java.lang.invoke.DirectMethodHandle$Holder.invokeVirtual(java.lang.Object, java.lang.Object, java.lang.Object, java.lang.Object, java.lang.Object)'> (0x00000000d570d068) 
thrown [s\src\hotspot\share\interpreter\linkResolver.cpp, line 773]
Event: 32.614 Thread 0x000001cffe6880a0 Implicit null exception at 0x000001cf87c8a193 to 0x000001cf87c8a504
Event: 43.767 Thread 0x000001cffeab7d80 Implicit null exception at 0x000001cf87e735ba to 0x000001cf87e7454c
Event: 43.777 Thread 0x000001cfff432280 Exception <a 'java/lang/NoSuchMethodError'{0x00000000d5e12d00}: 'void java.lang.invoke.DirectMethodHandle$Holder.invokeInterface(java.lang.Object, java.lang.Object)'> (0x00000000d5e12d00) 
thrown [s\src\hotspot\share\interpreter\linkResolver.cpp, line 773]
Event: 43.823 Thread 0x000001cffeab7d80 Exception <a 'java/lang/NoSuchMethodError'{0x00000000d5fa23b0}: 'java.lang.Object java.lang.invoke.DirectMethodHandle$Holder.newInvokeSpecial(java.lang.Object, java.lang.Object, java.lang.Object, java.lang.Object, java.lang.Object, java.lang.Object, java.lang.Object, java.lang.Object, java.lang.Object, java.lang.Object)'> (0x00000000d5fa23b0) 
thrown [s\src\hotspot\share\interpreter\linkResolver.cpp, line 773]
Event: 43.857 Thread 0x000001cffeab7d80 Exception <a 'sun/nio/fs/WindowsException'{0x00000000d6014f40}> (0x00000000d6014f40) 
thrown [s\src\hotspot\share\prims\jni.cpp, line 520]
Event: 43.887 Thread 0x000001cfff432280 Exception <a 'java/io/IOException'{0x00000000d5eb4840}> (0x00000000d5eb4840) 
thrown [s\src\hotspot\share\prims\jni.cpp, line 520]
Event: 43.906 Thread 0x000001cffe667710 Exception <a 'sun/nio/fs/WindowsException'{0x00000000d60a12d0}> (0x00000000d60a12d0) 
thrown [s\src\hotspot\share\prims\jni.cpp, line 520]
Event: 43.906 Thread 0x000001cffe667710 Exception <a 'sun/nio/fs/WindowsException'{0x00000000d60a1a08}> (0x00000000d60a1a08) 
thrown [s\src\hotspot\share\prims\jni.cpp, line 520]
Event: 43.906 Thread 0x000001cffe667710 Exception <a 'sun/nio/fs/WindowsException'{0x00000000d60a2508}> (0x00000000d60a2508) 
thrown [s\src\hotspot\share\prims\jni.cpp, line 520]
Event: 43.906 Thread 0x000001cffe667710 Exception <a 'sun/nio/fs/WindowsException'{0x00000000d60a2b38}> (0x00000000d60a2b38) 
thrown [s\src\hotspot\share\prims\jni.cpp, line 520]
Event: 43.907 Thread 0x000001cffe667710 Exception <a 'sun/nio/fs/WindowsException'{0x00000000d60a3610}> (0x00000000d60a3610) 
thrown [s\src\hotspot\share\prims\jni.cpp, line 520]
Event: 43.907 Thread 0x000001cffe667710 Exception <a 'sun/nio/fs/WindowsException'{0x00000000d60a3d28}> (0x00000000d60a3d28) 
thrown [s\src\hotspot\share\prims\jni.cpp, line 520]
Event: 43.909 Thread 0x000001cfff432280 Exception <a 'java/lang/ClassNotFoundException'{0x00000000d60bed38}: sun/util/logging/resources/spi/loggingProvider> (0x00000000d60bed38) 
thrown [s\src\hotspot\share\classfile\systemDictionary.cpp, line 312]
Event: 43.909 Thread 0x000001cffe667710 Exception <a 'sun/nio/fs/WindowsException'{0x00000000d6107b50}> (0x00000000d6107b50) 
thrown [s\src\hotspot\share\prims\jni.cpp, line 520]

ZGC Phase Switch (0 events):
No events

VM Operations (20 events):
Event: 24.276 Executing safepoint VM operation: ICBufferFull
Event: 24.276 Executing safepoint VM operation: ICBufferFull done
Event: 24.350 Executing safepoint VM operation: ParallelGCFailedAllocation (Allocation Failure)
Event: 24.354 Executing safepoint VM operation: ParallelGCFailedAllocation (Allocation Failure) done
Event: 25.000 Executing safepoint VM operation: ICBufferFull
Event: 25.000 Executing safepoint VM operation: ICBufferFull done
Event: 25.096 Executing safepoint VM operation: ParallelGCFailedAllocation (Allocation Failure)
Event: 25.099 Executing safepoint VM operation: ParallelGCFailedAllocation (Allocation Failure) done
Event: 25.346 Executing safepoint VM operation: ICBufferFull
Event: 25.347 Executing safepoint VM operation: ICBufferFull done
Event: 25.530 Executing safepoint VM operation: ParallelGCFailedAllocation (Allocation Failure)
Event: 25.534 Executing safepoint VM operation: ParallelGCFailedAllocation (Allocation Failure) done
Event: 26.538 Executing safepoint VM operation: Cleanup
Event: 26.538 Executing safepoint VM operation: Cleanup done
Event: 32.564 Executing safepoint VM operation: Cleanup
Event: 32.581 Executing safepoint VM operation: Cleanup done
Event: 33.584 Executing safepoint VM operation: Cleanup
Event: 33.584 Executing safepoint VM operation: Cleanup done
Event: 44.684 Executing safepoint VM operation: Cleanup
Event: 44.942 Executing safepoint VM operation: Cleanup done

Memory protections (0 events):
No events

Nmethod flushes (20 events):
Event: 21.930 Thread 0x000001cff88b10a0 flushing  nmethod 0x000001cf804fd290
Event: 21.930 Thread 0x000001cff88b10a0 flushing  nmethod 0x000001cf804ffd10
Event: 21.930 Thread 0x000001cff88b10a0 flushing  nmethod 0x000001cf80505d10
Event: 21.930 Thread 0x000001cff88b10a0 flushing  nmethod 0x000001cf80515790
Event: 21.930 Thread 0x000001cff88b10a0 flushing  nmethod 0x000001cf8053b990
Event: 21.930 Thread 0x000001cff88b10a0 flushing  nmethod 0x000001cf80579990
Event: 21.930 Thread 0x000001cff88b10a0 flushing  nmethod 0x000001cf8057a590
Event: 21.930 Thread 0x000001cff88b10a0 flushing  nmethod 0x000001cf805a3690
Event: 21.930 Thread 0x000001cff88b10a0 flushing  nmethod 0x000001cf805dfb90
Event: 21.930 Thread 0x000001cff88b10a0 flushing  nmethod 0x000001cf805e0810
Event: 21.930 Thread 0x000001cff88b10a0 flushing  nmethod 0x000001cf805e3510
Event: 21.930 Thread 0x000001cff88b10a0 flushing  nmethod 0x000001cf805e7d90
Event: 21.930 Thread 0x000001cff88b10a0 flushing  nmethod 0x000001cf80631410
Event: 21.930 Thread 0x000001cff88b10a0 flushing  nmethod 0x000001cf8064f510
Event: 21.930 Thread 0x000001cff88b10a0 flushing  nmethod 0x000001cf8064ff10
Event: 21.930 Thread 0x000001cff88b10a0 flushing  nmethod 0x000001cf80655a90
Event: 21.930 Thread 0x000001cff88b10a0 flushing  nmethod 0x000001cf8067d490
Event: 21.930 Thread 0x000001cff88b10a0 flushing  nmethod 0x000001cf806aba10
Event: 21.931 Thread 0x000001cff88b10a0 flushing  nmethod 0x000001cf806ac290
Event: 21.931 Thread 0x000001cff88b10a0 flushing  nmethod 0x000001cf806c6390

Events (20 events):
Event: 24.625 Thread 0x000001cffe664fb0 Thread exited: 0x000001cffe664fb0
Event: 24.626 Thread 0x000001cffeab76f0 Thread exited: 0x000001cffeab76f0
Event: 24.626 Thread 0x000001cffe667710 Thread exited: 0x000001cffe667710
Event: 24.626 Thread 0x000001cffe666360 Thread exited: 0x000001cffe666360
Event: 24.626 Thread 0x000001cffeab9e50 Thread exited: 0x000001cffeab9e50
Event: 24.992 Thread 0x000001cffe8731f0 Thread exited: 0x000001cffe8731f0
Event: 25.002 Thread 0x000001cffeabb890 Thread added: 0x000001cffeab9e50
Event: 25.003 Thread 0x000001cffeabb890 Thread added: 0x000001cffeab7060
Event: 25.003 Thread 0x000001cffeabb890 Thread added: 0x000001cffeab76f0
Event: 25.003 Thread 0x000001cffeab9e50 Thread added: 0x000001cffeab97c0
Event: 25.003 Thread 0x000001cffeab7060 Thread added: 0x000001cffeab8aa0
Event: 32.583 Thread 0x000001cff88b1fa0 Thread added: 0x000001cfd0d91370
Event: 37.758 Thread 0x000001cfd0d91370 Thread exited: 0x000001cfd0d91370
Event: 43.745 Thread 0x000001cfff432280 Thread added: 0x000001cffe664920
Event: 43.782 Thread 0x000001cffeab7d80 Thread added: 0x000001cffe666360
Event: 43.783 Thread 0x000001cfff432280 Thread added: 0x000001cffe664fb0
Event: 43.806 Thread 0x000001cffe666360 Thread exited: 0x000001cffe666360
Event: 43.827 Thread 0x000001cffeab7d80 Thread added: 0x000001cffe665640
Event: 43.848 Thread 0x000001cffe665640 Thread exited: 0x000001cffe665640
Event: 43.893 Thread 0x000001cfefacf3b0 Thread added: 0x000001cffe667710


Dynamic libraries:
0x00007ff75caa0000 - 0x00007ff75caae000 	c:\Users\nourg\.vscode\extensions\redhat.java-1.54.0-win32-x64\jre\21.0.10-win32-x86_64\bin\java.exe
0x00007ff9856e0000 - 0x00007ff985947000 	C:\WINDOWS\SYSTEM32\ntdll.dll
0x00007ff984860000 - 0x00007ff984929000 	C:\WINDOWS\System32\KERNEL32.DLL
0x00007ff982290000 - 0x00007ff982684000 	C:\WINDOWS\System32\KERNELBASE.dll
0x00007ff97f290000 - 0x00007ff97f32f000 	C:\WINDOWS\SYSTEM32\apphelp.dll
0x00007ff983320000 - 0x00007ff98346b000 	C:\WINDOWS\System32\ucrtbase.dll
0x00007ff961910000 - 0x00007ff96192e000 	c:\Users\nourg\.vscode\extensions\redhat.java-1.54.0-win32-x64\jre\21.0.10-win32-x86_64\bin\VCRUNTIME140.dll
0x00007ff9618f0000 - 0x00007ff961908000 	c:\Users\nourg\.vscode\extensions\redhat.java-1.54.0-win32-x64\jre\21.0.10-win32-x86_64\bin\jli.dll
0x00007ff983c90000 - 0x00007ff983e55000 	C:\WINDOWS\System32\USER32.dll
0x00007ff982f00000 - 0x00007ff982f27000 	C:\WINDOWS\System32\win32u.dll
0x00007ff964ae0000 - 0x00007ff964d73000 	C:\WINDOWS\WinSxS\amd64_microsoft.windows.common-controls_6595b64144ccf1df_6.0.26100.8115_none_3e075c82e3354f9c\COMCTL32.dll
0x00007ff984f40000 - 0x00007ff984f6b000 	C:\WINDOWS\System32\GDI32.dll
0x00007ff9831f0000 - 0x00007ff98331b000 	C:\WINDOWS\System32\gdi32full.dll
0x00007ff9821e0000 - 0x00007ff982283000 	C:\WINDOWS\System32\msvcp_win.dll
0x00007ff9847b0000 - 0x00007ff984859000 	C:\WINDOWS\System32\msvcrt.dll
0x00007ff984e90000 - 0x00007ff984ec2000 	C:\WINDOWS\System32\IMM32.DLL
0x00007ff9799d0000 - 0x00007ff9799dc000 	c:\Users\nourg\.vscode\extensions\redhat.java-1.54.0-win32-x64\jre\21.0.10-win32-x86_64\bin\vcruntime140_1.dll
0x00007ff915d60000 - 0x00007ff915ded000 	c:\Users\nourg\.vscode\extensions\redhat.java-1.54.0-win32-x64\jre\21.0.10-win32-x86_64\bin\msvcp140.dll
0x00007ff8b1d60000 - 0x00007ff8b2b01000 	c:\Users\nourg\.vscode\extensions\redhat.java-1.54.0-win32-x64\jre\21.0.10-win32-x86_64\bin\server\jvm.dll
0x00007ff984970000 - 0x00007ff984a26000 	C:\WINDOWS\System32\ADVAPI32.dll
0x00007ff984a40000 - 0x00007ff984ae7000 	C:\WINDOWS\System32\sechost.dll
0x00007ff9837c0000 - 0x00007ff9838d8000 	C:\WINDOWS\System32\RPCRT4.dll
0x00007ff9834f0000 - 0x00007ff983570000 	C:\WINDOWS\System32\WS2_32.dll
0x00007ff97b0e0000 - 0x00007ff97b0eb000 	C:\WINDOWS\SYSTEM32\VERSION.dll
0x00007ff97a2a0000 - 0x00007ff97a2d6000 	C:\WINDOWS\SYSTEM32\WINMM.dll
0x00007ff981e30000 - 0x00007ff981e8e000 	C:\WINDOWS\SYSTEM32\POWRPROF.dll
0x00007ff981e10000 - 0x00007ff981e24000 	C:\WINDOWS\SYSTEM32\UMPDC.dll
0x00007ff980d10000 - 0x00007ff980d2b000 	C:\WINDOWS\SYSTEM32\kernel.appcore.dll
0x00007ff9618d0000 - 0x00007ff9618da000 	c:\Users\nourg\.vscode\extensions\redhat.java-1.54.0-win32-x64\jre\21.0.10-win32-x86_64\bin\jimage.dll
0x00007ff97ffd0000 - 0x00007ff980212000 	C:\WINDOWS\SYSTEM32\DBGHELP.DLL
0x00007ff984af0000 - 0x00007ff984e72000 	C:\WINDOWS\System32\combase.dll
0x00007ff9835e0000 - 0x00007ff9836b8000 	C:\WINDOWS\System32\OLEAUT32.dll
0x00007ff967740000 - 0x00007ff96777b000 	C:\WINDOWS\SYSTEM32\dbgcore.DLL
0x00007ff983140000 - 0x00007ff9831e5000 	C:\WINDOWS\System32\bcryptPrimitives.dll
0x00007ff9618a0000 - 0x00007ff9618af000 	c:\Users\nourg\.vscode\extensions\redhat.java-1.54.0-win32-x64\jre\21.0.10-win32-x86_64\bin\instrument.dll
0x00007ff956d30000 - 0x00007ff956d50000 	c:\Users\nourg\.vscode\extensions\redhat.java-1.54.0-win32-x64\jre\21.0.10-win32-x86_64\bin\java.dll
0x00007ff984040000 - 0x00007ff9847a7000 	C:\WINDOWS\System32\SHELL32.dll
0x00007ff982070000 - 0x00007ff9821da000 	C:\WINDOWS\System32\wintypes.dll
0x00007ff982690000 - 0x00007ff982ef8000 	C:\WINDOWS\System32\windows.storage.dll
0x00007ff984f70000 - 0x00007ff985068000 	C:\WINDOWS\System32\SHCORE.dll
0x00007ff983750000 - 0x00007ff9837b6000 	C:\WINDOWS\System32\shlwapi.dll
0x00007ff981ed0000 - 0x00007ff981ef9000 	C:\WINDOWS\SYSTEM32\profapi.dll
0x00007ff94f840000 - 0x00007ff94f858000 	c:\Users\nourg\.vscode\extensions\redhat.java-1.54.0-win32-x64\jre\21.0.10-win32-x86_64\bin\zip.dll
0x00007ff95ae10000 - 0x00007ff95ae20000 	C:\Users\nourg\.vscode\extensions\redhat.java-1.54.0-win32-x64\jre\21.0.10-win32-x86_64\bin\net.dll
0x00007ff979e50000 - 0x00007ff979f7d000 	C:\WINDOWS\SYSTEM32\WINHTTP.dll
0x00007ff9812b0000 - 0x00007ff98131c000 	C:\WINDOWS\system32\mswsock.dll
0x00007ff94f750000 - 0x00007ff94f766000 	C:\Users\nourg\.vscode\extensions\redhat.java-1.54.0-win32-x64\jre\21.0.10-win32-x86_64\bin\nio.dll
0x00007ff95aaa0000 - 0x00007ff95aab0000 	c:\Users\nourg\.vscode\extensions\redhat.java-1.54.0-win32-x64\jre\21.0.10-win32-x86_64\bin\verify.dll
0x00007ff90d520000 - 0x00007ff90d565000 	C:\Users\nourg\AppData\Roaming\Code\User\globalStorage\redhat.java\1.54.0\config_ss_win\org.eclipse.equinox.launcher\org.eclipse.equinox.launcher.win32.win32.x86_64_1.3.0.v20260203-2149\eclipse_11919.dll
0x00007ff985070000 - 0x00007ff985207000 	C:\WINDOWS\System32\ole32.dll
0x00007ff981590000 - 0x00007ff9815ab000 	C:\WINDOWS\SYSTEM32\CRYPTSP.dll
0x00007ff980c70000 - 0x00007ff980ca9000 	C:\WINDOWS\system32\rsaenh.dll
0x00007ff981360000 - 0x00007ff981393000 	C:\WINDOWS\SYSTEM32\USERENV.dll
0x00007ff981ea0000 - 0x00007ff981eca000 	C:\WINDOWS\SYSTEM32\bcrypt.dll
0x00007ff9815b0000 - 0x00007ff9815bc000 	C:\WINDOWS\SYSTEM32\CRYPTBASE.dll
0x00007ff9806e0000 - 0x00007ff980712000 	C:\WINDOWS\SYSTEM32\IPHLPAPI.DLL
0x00007ff984e80000 - 0x00007ff984e8a000 	C:\WINDOWS\System32\NSI.dll
0x00007ff90d4d0000 - 0x00007ff90d519000 	C:\Users\nourg\AppData\Local\Temp\jna-105010185\jna5183244799679082506.dll
0x00007ff9836c0000 - 0x00007ff9836c8000 	C:\WINDOWS\System32\PSAPI.DLL
0x00007ff97a0c0000 - 0x00007ff97a0dd000 	C:\WINDOWS\SYSTEM32\dhcpcsvc6.DLL
0x00007ff979700000 - 0x00007ff979725000 	C:\WINDOWS\SYSTEM32\dhcpcsvc.DLL
0x00007ff980e40000 - 0x00007ff980e76000 	C:\WINDOWS\SYSTEM32\ntmarta.dll

JVMTI agents:
c:\Users\nourg\.vscode\extensions\redhat.java-1.54.0-win32-x64\lombok\lombok-1.18.39-4050.jar path:c:\Users\nourg\.vscode\extensions\redhat.java-1.54.0-win32-x64\jre\21.0.10-win32-x86_64\bin\instrument.dll, loaded, initialized, instrumentlib options:none

dbghelp: loaded successfully - version: 4.0.5 - missing functions: none
symbol engine: initialized successfully - sym options: 0x614 - pdb path: .;c:\Users\nourg\.vscode\extensions\redhat.java-1.54.0-win32-x64\jre\21.0.10-win32-x86_64\bin;C:\WINDOWS\SYSTEM32;C:\WINDOWS\WinSxS\amd64_microsoft.windows.common-controls_6595b64144ccf1df_6.0.26100.8115_none_3e075c82e3354f9c;c:\Users\nourg\.vscode\extensions\redhat.java-1.54.0-win32-x64\jre\21.0.10-win32-x86_64\bin\server;C:\Users\nourg\AppData\Roaming\Code\User\globalStorage\redhat.java\1.54.0\config_ss_win\org.eclipse.equinox.launcher\org.eclipse.equinox.launcher.win32.win32.x86_64_1.3.0.v20260203-2149;C:\Users\nourg\AppData\Local\Temp\jna-105010185

VM Arguments:
jvm_args: --add-modules=ALL-SYSTEM --add-opens=java.base/java.util=ALL-UNNAMED --add-opens=java.base/java.lang=ALL-UNNAMED --add-opens=java.base/sun.nio.fs=ALL-UNNAMED -Declipse.application=org.eclipse.jdt.ls.core.id1 -Dosgi.bundles.defaultStartLevel=4 -Declipse.product=org.eclipse.jdt.ls.core.product -Djava.import.generatesMetadataFilesAtProjectRoot=false -DDetectVMInstallationsJob.disabled=true -Dfile.encoding=utf8 -XX:+UseParallelGC -XX:GCTimeRatio=4 -XX:AdaptiveSizePolicyWeight=90 -Dsun.zip.disableMemoryMapping=true -Xmx2G -Xms100m -Xlog:disable -javaagent:c:\Users\nourg\.vscode\extensions\redhat.java-1.54.0-win32-x64\lombok\lombok-1.18.39-4050.jar 
java_command: c:\Users\nourg\.vscode\extensions\redhat.java-1.54.0-win32-x64\server\plugins\org.eclipse.equinox.launcher_1.7.100.v20251111-0406.jar -configuration c:\Users\nourg\AppData\Roaming\Code\User\globalStorage\redhat.java\1.54.0\config_ss_win -data c:\Users\nourg\AppData\Roaming\Code\User\workspaceStorage\382cc951b87783cacbf70da774fd0705\redhat.java\ss_ws --pipe=\\.\pipe\lsp-475e8e25a9db43e3abdebec16e22befc-sock
java_class_path (initial): c:\Users\nourg\.vscode\extensions\redhat.java-1.54.0-win32-x64\server\plugins\org.eclipse.equinox.launcher_1.7.100.v20251111-0406.jar
Launcher Type: SUN_STANDARD

[Global flags]
    uintx AdaptiveSizePolicyWeight                 = 90                                        {product} {command line}
     intx CICompilerCount                          = 4                                         {product} {ergonomic}
    uintx GCTimeRatio                              = 4                                         {product} {command line}
   size_t InitialHeapSize                          = 104857600                                 {product} {command line}
   size_t MaxHeapSize                              = 2147483648                                {product} {command line}
   size_t MaxNewSize                               = 715653120                                 {product} {ergonomic}
   size_t MinHeapDeltaBytes                        = 524288                                    {product} {ergonomic}
   size_t MinHeapSize                              = 104857600                                 {product} {command line}
   size_t NewSize                                  = 34603008                                  {product} {ergonomic}
    uintx NonNMethodCodeHeapSize                   = 5839372                                {pd product} {ergonomic}
    uintx NonProfiledCodeHeapSize                  = 122909434                              {pd product} {ergonomic}
   size_t OldSize                                  = 70254592                                  {product} {ergonomic}
    uintx ProfiledCodeHeapSize                     = 122909434                              {pd product} {ergonomic}
    uintx ReservedCodeCacheSize                    = 251658240                              {pd product} {ergonomic}
     bool SegmentedCodeCache                       = true                                      {product} {ergonomic}
   size_t SoftMaxHeapSize                          = 2147483648                             {manageable} {ergonomic}
     bool UseCompressedOops                        = true                           {product lp64_product} {ergonomic}
     bool UseLargePagesIndividualAllocation        = false                                  {pd product} {ergonomic}
     bool UseParallelGC                            = true                                      {product} {command line}

Logging:
Log output configuration:
 #0: stdout all=off uptime,level,tags foldmultilines=false
 #1: stderr all=off uptime,level,tags foldmultilines=false

Release file:
JAVA_VERSION="21.0.10" 
MODULES="java.base java.compiler java.datatransfer java.xml java.prefs java.desktop java.instrument java.logging java.management java.security.sasl java.naming java.rmi java.management.rmi java.net.http java.scripting java.security.jgss java.transaction.xa java.sql java.sql.rowset java.xml.crypto java.se java.smartcardio jdk.accessibility jdk.internal.jvmstat jdk.attach jdk.charsets jdk.internal.opt jdk.zipfs jdk.compiler jdk.crypto.ec jdk.crypto.cryptoki jdk.crypto.mscapi jdk.dynalink jdk.internal.ed jdk.editpad jdk.hotspot.agent jdk.httpserver jdk.internal.le jdk.internal.vm.ci jdk.internal.vm.compiler jdk.internal.vm.compiler.management jdk.jartool jdk.javadoc jdk.jcmd jdk.management jdk.management.agent jdk.jconsole jdk.jdeps jdk.jdwp.agent jdk.jdi jdk.jfr jdk.jshell jdk.jsobject jdk.jstatd jdk.localedata jdk.management.jfr jdk.naming.dns jdk.naming.rmi jdk.net jdk.nio.mapmode jdk.random jdk.sctp jdk.security.auth jdk.security.jgss jdk.unsupported jdk.unsupported.desktop jdk.xml.dom" 

Environment Variables:
JAVA_HOME=C:\Program Files\Eclipse Adoptium\jdk-17.0.15.6-hotspot
PATH=C:\Users\nourg\AppData\Local\Programs\Microsoft VS Code;C:\Program Files\Maven\apache-maven-3.9.14\bin;C:\Program Files\Microsoft SDKs\Azure\CLI2\wbin;C:\Program Files\Eclipse Adoptium\jdk-17.0.15.6-hotspot\bin;C:\Program Files\Common Files\Oracle\Java\javapath;C:\Windows\system32;C:\Windows;C:\Windows\System32\Wbem;C:\Windows\System32\WindowsPowerShell\v1.0\;C:\Windows\System32\OpenSSH\;C:\Program Files (x86)\NVIDIA Corporation\PhysX\Common;C:\WINDOWS\system32;C:\WINDOWS;C:\WINDOWS\System32\Wbem;C:\WINDOWS\System32\WindowsPowerShell\v1.0\;C:\WINDOWS\System32\OpenSSH\;C:\Users\nourg\Desktop\2 IM\Sem 2\dev mobil\jdk-24\bin;C:\Program Files\nodejs\;C:\Program Files\Docker\Docker\resources\bin;c:\Users\nourg\AppData\Local\Programs\cursor\resources\app\bin;C:\Program Files\Git\cmd;C:\WINDOWS\system32;C:\WINDOWS;C:\WINDOWS\System32\Wbem;C:\WINDOWS\System32\WindowsPowerShell\v1.0\;C:\WINDOWS\System32\OpenSSH\;C:\Program Files\NVIDIA Corporation\NVIDIA App\NvDLISR;C:\ffmpeg\bin;C:\Users\nourg\.local\bin;C:\Program Files\Maven\apache-maven-3.9.14\bin;C:\Program Files\Microsoft SDKs\Azure\CLI2\wbin;C:\Program Files\Eclipse Adoptium\jdk-17.0.15.6-hotspot\bin;C:\Program Files\Common Files\Oracle\Java\javapath;C:\Windows\system32;C:\Windows;C:\Windows\System32\Wbem;C:\Windows\System32\WindowsPowerShell\v1.0\;C:\Windows\System32\OpenSSH\;C:\Program Files (x86)\NVIDIA Corporation\PhysX\Common;C:\WINDOWS\system32;C:\WINDOWS;C:\WINDOWS\System32\Wbem;C:\WINDOWS\System32\WindowsPowerShell\v1.0\;C:\WINDOWS\System32\OpenSSH\;C:\Users\nourg\Desktop\2 IM\Sem 2\dev mobil\jdk-24\bin;C:\Program Files\nodejs\;C:\Program Files\Docker\Docker\resources\bin;c:\Users\nourg\AppData\Local\Programs\cursor\resources\app\bin;C:\Program Files\Git\cmd;C:\WINDOWS\system32;C:\WINDOWS;C:\WINDOWS\System32\Wbem;C:\WINDOWS\System32\WindowsPowerShell\v1.0\;C:\WINDOWS\System32\OpenSSH\;C:\Program Files\NVIDIA Corporation\NVIDIA App\NvDLISR;C:\ffmpeg\bin;;C:\Users\nourg\AppData\Local\Programs\Microsoft VS Code\bin
USERNAME=nourg
OS=Windows_NT
PROCESSOR_IDENTIFIER=AMD64 Family 25 Model 80 Stepping 0, AuthenticAMD
TMP=C:\Users\nourg\AppData\Local\Temp
TEMP=C:\Users\nourg\AppData\Local\Temp




Periodic native trim disabled

---------------  S Y S T E M  ---------------

OS:
 Windows 11 , 64 bit Build 26100 (10.0.26100.8246)
OS uptime: 2 days 0:56 hours
Hyper-V role detected

CPU: total 12 (initial active 12) (12 cores per cpu, 2 threads per core) family 25 model 80 stepping 0 microcode 0xa50000d, cx8, cmov, fxsr, ht, mmx, 3dnowpref, sse, sse2, sse3, ssse3, sse4a, sse4.1, sse4.2, popcnt, lzcnt, tsc, tscinvbit, avx, avx2, aes, erms, clmul, bmi1, bmi2, adx, sha, fma, vzeroupper, clflush, clflushopt, hv, rdtscp, rdpid, fsrm, f16c, cet_ss
Processor Information for processor 0
  Max Mhz: 3301, Current Mhz: 1908, Mhz Limit: 3301
Processor Information for processor 1
  Max Mhz: 3301, Current Mhz: 1908, Mhz Limit: 3301
Processor Information for processor 2
  Max Mhz: 3301, Current Mhz: 1908, Mhz Limit: 3301
Processor Information for processor 3
  Max Mhz: 3301, Current Mhz: 1908, Mhz Limit: 3301
Processor Information for processor 4
  Max Mhz: 3301, Current Mhz: 1908, Mhz Limit: 3301
Processor Information for processor 5
  Max Mhz: 3301, Current Mhz: 1908, Mhz Limit: 3301
Processor Information for processor 6
  Max Mhz: 3301, Current Mhz: 1805, Mhz Limit: 3301
Processor Information for processor 7
  Max Mhz: 3301, Current Mhz: 1805, Mhz Limit: 3301
Processor Information for processor 8
  Max Mhz: 3301, Current Mhz: 1805, Mhz Limit: 3301
Processor Information for processor 9
  Max Mhz: 3301, Current Mhz: 1805, Mhz Limit: 3301
Processor Information for processor 10
  Max Mhz: 3301, Current Mhz: 1805, Mhz Limit: 3301
Processor Information for processor 11
  Max Mhz: 3301, Current Mhz: 1805, Mhz Limit: 3301

Memory: 4k page, system-wide physical 5996M (267M free)
TotalPageFile size 24428M (AvailPageFile size 12M)
current process WorkingSet (physical memory assigned to process): 98M, peak: 238M
current process commit charge ("private bytes"): 318M, peak: 354M

vm_info: OpenJDK 64-Bit Server VM (21.0.10+7-LTS) for windows-amd64 JRE (21.0.10+7-LTS), built on 2026-01-20T00:00:00Z by "admin" with MS VC++ 17.12 (VS2022)

END.
