#
# There is insufficient memory for the Java Runtime Environment to continue.
# Native memory allocation (malloc) failed to allocate 1143856 bytes. Error detail: Chunk::new
# Possible reasons:
#   The system is out of physical RAM or swap space
#   This process is running with CompressedOops enabled, and the Java Heap may be blocking the growth of the native heap
# Possible solutions:
#   Reduce memory load on the system
#   Increase physical memory or swap space
#   Check if swap backing store is full
#   Decrease Java heap size (-Xmx/-Xms)
#   Decrease number of Java threads
#   Decrease Java thread stack sizes (-Xss)
#   Set larger code cache with -XX:ReservedCodeCacheSize=
#   JVM is running with Unscaled Compressed Oops mode in which the Java heap is
#     placed in the first 4GB address space. The Java Heap base address is the
#     maximum limit for the native heap growth. Please use -XX:HeapBaseMinAddress
#     to set the Java Heap base and to place the Java Heap above 4GB virtual address.
# This output file may be truncated or incomplete.
#
#  Out of Memory Error (arena.cpp:168), pid=35172, tid=17500
#
# JRE version: OpenJDK Runtime Environment Temurin-21.0.10+7 (21.0.10+7) (build 21.0.10+7-LTS)
# Java VM: OpenJDK 64-Bit Server VM Temurin-21.0.10+7 (21.0.10+7-LTS, mixed mode, sharing, tiered, compressed oops, compressed class ptrs, parallel gc, windows-amd64)
# No core dump will be written. Minidumps are not enabled by default on client versions of Windows
#

---------------  S U M M A R Y ------------

Command Line: --add-modules=ALL-SYSTEM --add-opens=java.base/java.util=ALL-UNNAMED --add-opens=java.base/java.lang=ALL-UNNAMED --add-opens=java.base/sun.nio.fs=ALL-UNNAMED -Declipse.application=org.eclipse.jdt.ls.core.id1 -Dosgi.bundles.defaultStartLevel=4 -Declipse.product=org.eclipse.jdt.ls.core.product -Djava.import.generatesMetadataFilesAtProjectRoot=false -DDetectVMInstallationsJob.disabled=true -Dfile.encoding=utf8 -XX:+UseParallelGC -XX:GCTimeRatio=4 -XX:AdaptiveSizePolicyWeight=90 -Dsun.zip.disableMemoryMapping=true -Xmx2G -Xms100m -Xlog:disable -javaagent:c:\Users\nourg\.vscode\extensions\redhat.java-1.54.0-win32-x64\lombok\lombok-1.18.39-4050.jar -XX:+HeapDumpOnOutOfMemoryError -XX:HeapDumpPath=c:\Users\nourg\AppData\Roaming\Code\User\workspaceStorage\382cc951b87783cacbf70da774fd0705\redhat.java -Daether.dependencyCollector.impl=bf c:\Users\nourg\.vscode\extensions\redhat.java-1.54.0-win32-x64\server\plugins\org.eclipse.equinox.launcher_1.7.100.v20251111-0406.jar -configuration c:\Users\nourg\AppData\Roaming\Code\User\globalStorage\redhat.java\1.54.0\config_win -data c:\Users\nourg\AppData\Roaming\Code\User\workspaceStorage\382cc951b87783cacbf70da774fd0705\redhat.java\jdt_ws --pipe=\\.\pipe\lsp-97731d198ba054dce3342f592523aa6a-sock

Host: AMD Ryzen 5 5600H with Radeon Graphics         , 12 cores, 5G,  Windows 11 , 64 bit Build 26100 (10.0.26100.8328)
Time: Tue May 26 23:50:36 2026 Afr. centrale Ouest elapsed time: 34.821148 seconds (0d 0h 0m 34s)

---------------  T H R E A D  ---------------

Current thread (0x00000226f09282a0):  JavaThread "C2 CompilerThread0" daemon [_thread_in_native, id=17500, stack(0x000000d6f4f00000,0x000000d6f5000000) (1024K)]


Current CompileTask:
C2:34821 4729   !   4       org.eclipse.osgi.internal.loader.classpath.ClasspathManager::findLocalClass (210 bytes)

Stack: [0x000000d6f4f00000,0x000000d6f5000000]
Native frames: (J=compiled Java code, j=interpreted, Vv=VM code, C=native code)
V  [jvm.dll+0x6d7a39]
V  [jvm.dll+0x8b4b26]
V  [jvm.dll+0x8b70de]
V  [jvm.dll+0x8b77c3]
V  [jvm.dll+0x284346]
V  [jvm.dll+0xc66ed]
V  [jvm.dll+0xc6c31]
V  [jvm.dll+0x3bec01]
V  [jvm.dll+0x38b162]
V  [jvm.dll+0x38a5aa]
V  [jvm.dll+0x24c560]
V  [jvm.dll+0x24bb40]
V  [jvm.dll+0x1cb34e]
V  [jvm.dll+0x25b85d]
V  [jvm.dll+0x259dea]
V  [jvm.dll+0x3f857e]
V  [jvm.dll+0x85f59d]
V  [jvm.dll+0x6d626d]
C  [ucrtbase.dll+0x37b0]
C  [KERNEL32.DLL+0x2e957]
C  [ntdll.dll+0x427c]


---------------  P R O C E S S  ---------------

Threads class SMR info:
_java_thread_list=0x00000226f8965ec0, length=43, elements={
0x00000226d6b00f00, 0x00000226ef49afa0, 0x00000226ef4a14f0, 0x00000226ef4a8260,
0x00000226ef4a2820, 0x00000226ef4aa470, 0x00000226ef4acee0, 0x00000226f09282a0,
0x00000226f0932b20, 0x00000226f0b8f2f0, 0x00000226f0c9a860, 0x00000226f6165b00,
0x00000226f09aad10, 0x00000226f60d2500, 0x00000226f0c041b0, 0x00000226f6c29b90,
0x00000226f66679a0, 0x00000226f6424da0, 0x00000226f7023f00, 0x00000226f7024590,
0x00000226f70252b0, 0x00000226f72dd7a0, 0x00000226f83a4e20, 0x00000226f83a61d0,
0x00000226f83a6860, 0x00000226f83a33e0, 0x00000226f83a6ef0, 0x00000226f83a3a70,
0x00000226f83a5b40, 0x00000226f83a54b0, 0x00000226f83a4100, 0x00000226f83a7580,
0x00000226f83a7c10, 0x00000226f83a4790, 0x00000226f83a8930, 0x00000226f83aaa00,
0x00000226f83a82a0, 0x00000226f83a9650, 0x00000226f83a8fc0, 0x00000226f83a9ce0,
0x00000226f83aa370, 0x00000226f0c8fa60, 0x00000226f0c921c0
}

Java Threads: ( => current thread )
  0x00000226d6b00f00 JavaThread "main"                              [_thread_in_native, id=30272, stack(0x000000d6f4500000,0x000000d6f4600000) (1024K)]
  0x00000226ef49afa0 JavaThread "Reference Handler"          daemon [_thread_blocked, id=19828, stack(0x000000d6f4900000,0x000000d6f4a00000) (1024K)]
  0x00000226ef4a14f0 JavaThread "Finalizer"                  daemon [_thread_blocked, id=17372, stack(0x000000d6f4a00000,0x000000d6f4b00000) (1024K)]
  0x00000226ef4a8260 JavaThread "Signal Dispatcher"          daemon [_thread_blocked, id=14268, stack(0x000000d6f4b00000,0x000000d6f4c00000) (1024K)]
  0x00000226ef4a2820 JavaThread "Attach Listener"            daemon [_thread_blocked, id=36292, stack(0x000000d6f4c00000,0x000000d6f4d00000) (1024K)]
  0x00000226ef4aa470 JavaThread "Service Thread"             daemon [_thread_blocked, id=28592, stack(0x000000d6f4d00000,0x000000d6f4e00000) (1024K)]
  0x00000226ef4acee0 JavaThread "Monitor Deflation Thread"   daemon [_thread_blocked, id=32504, stack(0x000000d6f4e00000,0x000000d6f4f00000) (1024K)]
=>0x00000226f09282a0 JavaThread "C2 CompilerThread0"         daemon [_thread_in_native, id=17500, stack(0x000000d6f4f00000,0x000000d6f5000000) (1024K)]
  0x00000226f0932b20 JavaThread "C1 CompilerThread0"         daemon [_thread_blocked, id=7192, stack(0x000000d6f5000000,0x000000d6f5100000) (1024K)]
  0x00000226f0b8f2f0 JavaThread "Common-Cleaner"             daemon [_thread_blocked, id=21932, stack(0x000000d6f5100000,0x000000d6f5200000) (1024K)]
  0x00000226f0c9a860 JavaThread "Notification Thread"        daemon [_thread_blocked, id=33724, stack(0x000000d6f5300000,0x000000d6f5400000) (1024K)]
  0x00000226f6165b00 JavaThread "Active Thread: Equinox Container: c23a0752-bc6d-42d4-8314-049e5757397f"        [_thread_blocked, id=22280, stack(0x000000d6f5200000,0x000000d6f5300000) (1024K)]
  0x00000226f09aad10 JavaThread "Refresh Thread: Equinox Container: c23a0752-bc6d-42d4-8314-049e5757397f" daemon [_thread_blocked, id=11512, stack(0x000000d6f5b00000,0x000000d6f5c00000) (1024K)]
  0x00000226f60d2500 JavaThread "Framework Event Dispatcher: Equinox Container: c23a0752-bc6d-42d4-8314-049e5757397f" daemon [_thread_blocked, id=24104, stack(0x000000d6f5c00000,0x000000d6f5d00000) (1024K)]
  0x00000226f0c041b0 JavaThread "Start Level: Equinox Container: c23a0752-bc6d-42d4-8314-049e5757397f" daemon [_thread_blocked, id=17356, stack(0x000000d6f5d00000,0x000000d6f5e00000) (1024K)]
  0x00000226f6c29b90 JavaThread "Bundle File Closer"         daemon [_thread_blocked, id=31708, stack(0x000000d6f6000000,0x000000d6f6100000) (1024K)]
  0x00000226f66679a0 JavaThread "SCR Component Actor"        daemon [_thread_blocked, id=8840, stack(0x000000d6f6100000,0x000000d6f6200000) (1024K)]
  0x00000226f6424da0 JavaThread "Worker-JM"                         [_thread_blocked, id=23624, stack(0x000000d6f6200000,0x000000d6f6300000) (1024K)]
  0x00000226f7023f00 JavaThread "JNA Cleaner"                daemon [_thread_blocked, id=27996, stack(0x000000d6f6300000,0x000000d6f6400000) (1024K)]
  0x00000226f7024590 JavaThread "Worker-0: Loading available Gradle versions"        [_thread_in_native, id=12024, stack(0x000000d6f6400000,0x000000d6f6500000) (1024K)]
  0x00000226f70252b0 JavaThread "Worker-1: Initialize After Load"        [_thread_in_Java, id=30556, stack(0x000000d6f6500000,0x000000d6f6600000) (1024K)]
  0x00000226f72dd7a0 JavaThread "C2 CompilerThread1"         daemon [_thread_in_native, id=3008, stack(0x000000d6f6600000,0x000000d6f6700000) (1024K)]
  0x00000226f83a4e20 JavaThread "Java indexing"              daemon [_thread_blocked, id=30444, stack(0x000000d6f6700000,0x000000d6f6800000) (1024K)]
  0x00000226f83a61d0 JavaThread "Worker-2"                          [_thread_blocked, id=29608, stack(0x000000d6f6a00000,0x000000d6f6b00000) (1024K)]
  0x00000226f83a6860 JavaThread "Worker-3: Updating Maven Dependencies"        [_thread_in_native, id=32556, stack(0x000000d6f6b00000,0x000000d6f6c00000) (1024K)]
  0x00000226f83a33e0 JavaThread "Worker-4: Repository registry initialization"        [_thread_blocked, id=22328, stack(0x000000d6f6c00000,0x000000d6f6d00000) (1024K)]
  0x00000226f83a6ef0 JavaThread "Thread-1"                   daemon [_thread_in_native, id=35112, stack(0x000000d6f6d00000,0x000000d6f6e00000) (1024K)]
  0x00000226f83a3a70 JavaThread "Thread-2"                   daemon [_thread_in_native, id=11448, stack(0x000000d6f6e00000,0x000000d6f6f00000) (1024K)]
  0x00000226f83a5b40 JavaThread "Thread-3"                   daemon [_thread_in_native, id=30980, stack(0x000000d6f6f00000,0x000000d6f7000000) (1024K)]
  0x00000226f83a54b0 JavaThread "Thread-4"                   daemon [_thread_in_native, id=35012, stack(0x000000d6f7000000,0x000000d6f7100000) (1024K)]
  0x00000226f83a4100 JavaThread "Thread-5"                   daemon [_thread_in_native, id=31776, stack(0x000000d6f7100000,0x000000d6f7200000) (1024K)]
  0x00000226f83a7580 JavaThread "Thread-6"                   daemon [_thread_in_native, id=13540, stack(0x000000d6f7200000,0x000000d6f7300000) (1024K)]
  0x00000226f83a7c10 JavaThread "Thread-7"                   daemon [_thread_in_native, id=28712, stack(0x000000d6f7300000,0x000000d6f7400000) (1024K)]
  0x00000226f83a4790 JavaThread "Thread-8"                   daemon [_thread_in_native, id=20132, stack(0x000000d6f7400000,0x000000d6f7500000) (1024K)]
  0x00000226f83a8930 JavaThread "Thread-9"                   daemon [_thread_in_native, id=36372, stack(0x000000d6f7500000,0x000000d6f7600000) (1024K)]
  0x00000226f83aaa00 JavaThread "Thread-10"                  daemon [_thread_in_native, id=16192, stack(0x000000d6f7600000,0x000000d6f7700000) (1024K)]
  0x00000226f83a82a0 JavaThread "Thread-11"                  daemon [_thread_in_native, id=17680, stack(0x000000d6f7700000,0x000000d6f7800000) (1024K)]
  0x00000226f83a9650 JavaThread "Thread-12"                  daemon [_thread_in_native, id=21464, stack(0x000000d6f7800000,0x000000d6f7900000) (1024K)]
  0x00000226f83a8fc0 JavaThread "Thread-13"                  daemon [_thread_in_native, id=6152, stack(0x000000d6f7900000,0x000000d6f7a00000) (1024K)]
  0x00000226f83a9ce0 JavaThread "pool-2-thread-1"                   [_thread_blocked, id=35084, stack(0x000000d6f7a00000,0x000000d6f7b00000) (1024K)]
  0x00000226f83aa370 JavaThread "Worker-5"                          [_thread_blocked, id=22592, stack(0x000000d6f7b00000,0x000000d6f7c00000) (1024K)]
  0x00000226f0c8fa60 JavaThread "WorkspaceEventsHandler"            [_thread_blocked, id=9516, stack(0x000000d6f7c00000,0x000000d6f7d00000) (1024K)]
  0x00000226f0c921c0 JavaThread "pool-1-thread-1"                   [_thread_in_native, id=22188, stack(0x000000d6f7d00000,0x000000d6f7e00000) (1024K)]
Total: 43

Other Threads:
  0x00000226ef4940d0 VMThread "VM Thread"                           [id=36856, stack(0x000000d6f4800000,0x000000d6f4900000) (1024K)]
  0x00000226ef38ca00 WatcherThread "VM Periodic Task Thread"        [id=17504, stack(0x000000d6f4700000,0x000000d6f4800000) (1024K)]
  0x00000226d6b183e0 WorkerThread "GC Thread#0"                     [id=32808, stack(0x000000d6f4600000,0x000000d6f4700000) (1024K)]
  0x00000226f65339a0 WorkerThread "GC Thread#1"                     [id=17188, stack(0x000000d6f5400000,0x000000d6f5500000) (1024K)]
  0x00000226f67b1f60 WorkerThread "GC Thread#2"                     [id=21988, stack(0x000000d6f5500000,0x000000d6f5600000) (1024K)]
  0x00000226f6534160 WorkerThread "GC Thread#3"                     [id=26520, stack(0x000000d6f5600000,0x000000d6f5700000) (1024K)]
  0x00000226f63e0ec0 WorkerThread "GC Thread#4"                     [id=16668, stack(0x000000d6f5700000,0x000000d6f5800000) (1024K)]
  0x00000226f63e1270 WorkerThread "GC Thread#5"                     [id=17624, stack(0x000000d6f5800000,0x000000d6f5900000) (1024K)]
  0x00000226f63e1620 WorkerThread "GC Thread#6"                     [id=28804, stack(0x000000d6f5900000,0x000000d6f5a00000) (1024K)]
  0x00000226f09a8e40 WorkerThread "GC Thread#7"                     [id=18112, stack(0x000000d6f5a00000,0x000000d6f5b00000) (1024K)]
  0x00000226f6c735c0 WorkerThread "GC Thread#8"                     [id=26312, stack(0x000000d6f5e00000,0x000000d6f5f00000) (1024K)]
  0x00000226f6426310 WorkerThread "GC Thread#9"                     [id=11400, stack(0x000000d6f5f00000,0x000000d6f6000000) (1024K)]
Total: 12

Threads with active compile tasks:
C2 CompilerThread0  34851 4729   !   4       org.eclipse.osgi.internal.loader.classpath.ClasspathManager::findLocalClass (210 bytes)
C1 CompilerThread0  34851 4964       2       java.lang.reflect.AccessibleObject::checkCanSetAccessible (195 bytes)
C2 CompilerThread1  34851 4826 %     4       java.io.DataOutputStream::writeUTF @ 10 (389 bytes)
Total: 3

VM state: not at safepoint (normal execution)

VM Mutex/Monitor currently owned by a thread: None

Heap address: 0x0000000080000000, size: 2048 MB, Compressed Oops mode: 32-bit

CDS archive(s) mapped at: [0x0000022680000000-0x0000022680ba0000-0x0000022680ba0000), size 12189696, SharedBaseAddress: 0x0000022680000000, ArchiveRelocationMode: 1.
Compressed class space mapped at: 0x0000022681000000-0x00000226c1000000, reserved size: 1073741824
Narrow klass base: 0x0000022680000000, Narrow klass shift: 0, Narrow klass range: 0x100000000

GC Precious Log:
 CardTable entry size: 512
 CPUs: 12 total, 12 available
 Memory: 5996M
 Large Page Support: Disabled
 NUMA Support: Disabled
 Compressed Oops: Enabled (32-bit)
 Alignments: Space 512K, Generation 512K, Heap 2M
 Heap Min Capacity: 100M
 Heap Initial Capacity: 100M
 Heap Max Capacity: 2G
 Pre-touch: Disabled
 Parallel Workers: 10

Heap:
 PSYoungGen      total 23040K, used 15505K [0x00000000d5580000, 0x00000000d6d80000, 0x0000000100000000)
  eden space 21504K, 66% used [0x00000000d5580000,0x00000000d63786c0,0x00000000d6a80000)
  from space 1536K, 78% used [0x00000000d6a80000,0x00000000d6bac010,0x00000000d6c00000)
  to   space 1536K, 0% used [0x00000000d6c00000,0x00000000d6c00000,0x00000000d6d80000)
 ParOldGen       total 68608K, used 23310K [0x0000000080000000, 0x0000000084300000, 0x00000000d5580000)
  object space 68608K, 33% used [0x0000000080000000,0x00000000816c3a78,0x0000000084300000)
 Metaspace       used 39027K, committed 40128K, reserved 1114112K
  class space    used 4099K, committed 4608K, reserved 1048576K

Card table byte_map: [0x00000226ea7c0000,0x00000226eabd0000] _byte_map_base: 0x00000226ea3c0000

Marking Bits: (ParMarkBitMap*) 0x00007ffe24fe3450
 Begin Bits: [0x00000226eae80000, 0x00000226ece80000)
 End Bits:   [0x00000226ece80000, 0x00000226eee80000)

Polling page: 0x00000226d6a50000

Metaspace:

Usage:
  Non-class:     34.11 MB used.
      Class:      4.00 MB used.
       Both:     38.12 MB used.

Virtual space:
  Non-class space:       64.00 MB reserved,      34.69 MB ( 54%) committed,  1 nodes.
      Class space:        1.00 GB reserved,       4.50 MB ( <1%) committed,  1 nodes.
             Both:        1.06 GB reserved,      39.19 MB (  4%) committed. 

Chunk freelists:
   Non-Class:  12.41 MB
       Class:  11.53 MB
        Both:  23.92 MB

MaxMetaspaceSize: unlimited
CompressedClassSpaceSize: 1.00 GB
Initial GC threshold: 21.00 MB
Current GC threshold: 58.38 MB
CDS: on
 - commit_granule_bytes: 65536.
 - commit_granule_words: 8192.
 - virtual_space_node_default_size: 8388608.
 - enlarge_chunks_in_place: 1.
 - use_allocation_guard: 0.


Internal statistics:

num_allocs_failed_limit: 6.
num_arena_births: 758.
num_arena_deaths: 14.
num_vsnodes_births: 2.
num_vsnodes_deaths: 0.
num_space_committed: 627.
num_space_uncommitted: 0.
num_chunks_returned_to_freelist: 20.
num_chunks_taken_from_freelist: 2318.
num_chunk_merges: 11.
num_chunk_splits: 1445.
num_chunks_enlarged: 861.
num_inconsistent_stats: 0.

CodeHeap 'non-profiled nmethods': size=120000Kb used=2019Kb max_used=2241Kb free=117981Kb
 bounds [0x00000226e30b0000, 0x00000226e3320000, 0x00000226ea5e0000]
CodeHeap 'profiled nmethods': size=120000Kb used=9083Kb max_used=9912Kb free=110916Kb
 bounds [0x00000226db5e0000, 0x00000226dbf90000, 0x00000226e2b10000]
CodeHeap 'non-nmethods': size=5760Kb used=1383Kb max_used=1401Kb free=4377Kb
 bounds [0x00000226e2b10000, 0x00000226e2d80000, 0x00000226e30b0000]
CodeCache: size=245760Kb, used=12485Kb, max_used=13554Kb, free=233274Kb
 total_blobs=5048, nmethods=4369, adapters=585, full_count=0
Compilation: enabled, stopped_count=0, restarted_count=0

Compilation events (20 events):
Event: 33.810 Thread 0x00000226f0932b20 nmethod 4900 0x00000226db6f0f90 code [0x00000226db6f1140, 0x00000226db6f1270]
Event: 33.810 Thread 0x00000226f0932b20 4903   !   2       sun.nio.cs.StreamDecoder::read0 (59 bytes)
Event: 33.810 Thread 0x00000226f0932b20 nmethod 4903 0x00000226db9fea10 code [0x00000226db9fec40, 0x00000226db9ff108]
Event: 33.810 Thread 0x00000226f0932b20 4913   !   3       org.eclipse.osgi.internal.loader.BundleLoader::findRequiredSource (283 bytes)
Event: 33.811 Thread 0x00000226f0932b20 nmethod 4913 0x00000226db948310 code [0x00000226db9486a0, 0x00000226db94a380]
Event: 33.811 Thread 0x00000226f0932b20 4916       2       org.codehaus.plexus.util.xml.pull.MXParser::parseEndTag (438 bytes)
Event: 33.813 Thread 0x00000226f0932b20 nmethod 4916 0x00000226db5ec710 code [0x00000226db5ecb80, 0x00000226db5edf08]
Event: 33.813 Thread 0x00000226f0932b20 4914       2       org.codehaus.plexus.util.xml.pull.MXParser::isS (30 bytes)
Event: 33.813 Thread 0x00000226f0932b20 nmethod 4914 0x00000226db5ec110 code [0x00000226db5ec2a0, 0x00000226db5ec3c0]
Event: 33.813 Thread 0x00000226f0932b20 4917       2       org.codehaus.plexus.util.xml.pull.MXParser::isNameStartChar (56 bytes)
Event: 33.813 Thread 0x00000226f0932b20 nmethod 4917 0x00000226db6f0b90 code [0x00000226db6f0d20, 0x00000226db6f0ea8]
Event: 33.813 Thread 0x00000226f0932b20 4915       1       com.google.gson.reflect.TypeToken::getRawType (5 bytes)
Event: 33.813 Thread 0x00000226f0932b20 nmethod 4915 0x00000226e30e0090 code [0x00000226e30e0220, 0x00000226e30e02e8]
Event: 33.813 Thread 0x00000226f0932b20 4904       2       sun.nio.cs.StreamDecoder::lockedRead0 (95 bytes)
Event: 33.814 Thread 0x00000226f0932b20 nmethod 4904 0x00000226db6f0510 code [0x00000226db6f06e0, 0x00000226db6f0998]
Event: 33.814 Thread 0x00000226f0932b20 4918       2       org.codehaus.plexus.util.xml.pull.MXParser::parseStartTag (1205 bytes)
Event: 33.815 Thread 0x00000226f72dd7a0 nmethod 4740 0x00000226e3165c90 code [0x00000226e3165fe0, 0x00000226e3167780]
Event: 33.816 Thread 0x00000226f72dd7a0 4864       4       java.util.HashMap::getNode (150 bytes)
Event: 33.818 Thread 0x00000226f72dd7a0 nmethod 4864 0x00000226e3165490 code [0x00000226e3165640, 0x00000226e3165908]
Event: 33.818 Thread 0x00000226f72dd7a0 4865       4       java.util.HashMap::get (19 bytes)

GC Heap History (20 events):
Event: 26.278 GC heap before
{Heap before GC invocations=8 (full 0):
 PSYoungGen      total 26624K, used 13678K [0x00000000d5580000, 0x00000000d7780000, 0x0000000100000000)
  eden space 21504K, 40% used [0x00000000d5580000,0x00000000d5de69d8,0x00000000d6a80000)
  from space 5120K, 99% used [0x00000000d6a80000,0x00000000d6f75178,0x00000000d6f80000)
  to   space 6656K, 0% used [0x00000000d7100000,0x00000000d7100000,0x00000000d7780000)
 ParOldGen       total 68608K, used 12235K [0x0000000080000000, 0x0000000084300000, 0x00000000d5580000)
  object space 68608K, 17% used [0x0000000080000000,0x0000000080bf2f80,0x0000000084300000)
 Metaspace       used 20731K, committed 21504K, reserved 1114112K
  class space    used 2182K, committed 2496K, reserved 1048576K
}
Event: 26.282 GC heap after
{Heap after GC invocations=8 (full 0):
 PSYoungGen      total 26624K, used 4618K [0x00000000d5580000, 0x00000000d7600000, 0x0000000100000000)
  eden space 21504K, 0% used [0x00000000d5580000,0x00000000d5580000,0x00000000d6a80000)
  from space 5120K, 90% used [0x00000000d7100000,0x00000000d7582898,0x00000000d7600000)
  to   space 5120K, 0% used [0x00000000d6a80000,0x00000000d6a80000,0x00000000d6f80000)
 ParOldGen       total 68608K, used 13109K [0x0000000080000000, 0x0000000084300000, 0x00000000d5580000)
  object space 68608K, 19% used [0x0000000080000000,0x0000000080ccd4d0,0x0000000084300000)
 Metaspace       used 20731K, committed 21504K, reserved 1114112K
  class space    used 2182K, committed 2496K, reserved 1048576K
}
Event: 26.282 GC heap before
{Heap before GC invocations=9 (full 1):
 PSYoungGen      total 26624K, used 4618K [0x00000000d5580000, 0x00000000d7600000, 0x0000000100000000)
  eden space 21504K, 0% used [0x00000000d5580000,0x00000000d5580000,0x00000000d6a80000)
  from space 5120K, 90% used [0x00000000d7100000,0x00000000d7582898,0x00000000d7600000)
  to   space 5120K, 0% used [0x00000000d6a80000,0x00000000d6a80000,0x00000000d6f80000)
 ParOldGen       total 68608K, used 13109K [0x0000000080000000, 0x0000000084300000, 0x00000000d5580000)
  object space 68608K, 19% used [0x0000000080000000,0x0000000080ccd4d0,0x0000000084300000)
 Metaspace       used 20731K, committed 21504K, reserved 1114112K
  class space    used 2182K, committed 2496K, reserved 1048576K
}
Event: 26.357 GC heap after
{Heap after GC invocations=9 (full 1):
 PSYoungGen      total 26624K, used 0K [0x00000000d5580000, 0x00000000d7600000, 0x0000000100000000)
  eden space 21504K, 0% used [0x00000000d5580000,0x00000000d5580000,0x00000000d6a80000)
  from space 5120K, 0% used [0x00000000d7100000,0x00000000d7100000,0x00000000d7600000)
  to   space 5120K, 0% used [0x00000000d6a80000,0x00000000d6a80000,0x00000000d6f80000)
 ParOldGen       total 68608K, used 16945K [0x0000000080000000, 0x0000000084300000, 0x00000000d5580000)
  object space 68608K, 24% used [0x0000000080000000,0x000000008108c468,0x0000000084300000)
 Metaspace       used 20718K, committed 21504K, reserved 1114112K
  class space    used 2179K, committed 2496K, reserved 1048576K
}
Event: 26.538 GC heap before
{Heap before GC invocations=10 (full 1):
 PSYoungGen      total 26624K, used 21504K [0x00000000d5580000, 0x00000000d7600000, 0x0000000100000000)
  eden space 21504K, 100% used [0x00000000d5580000,0x00000000d6a80000,0x00000000d6a80000)
  from space 5120K, 0% used [0x00000000d7100000,0x00000000d7100000,0x00000000d7600000)
  to   space 5120K, 0% used [0x00000000d6a80000,0x00000000d6a80000,0x00000000d6f80000)
 ParOldGen       total 68608K, used 16945K [0x0000000080000000, 0x0000000084300000, 0x00000000d5580000)
  object space 68608K, 24% used [0x0000000080000000,0x000000008108c468,0x0000000084300000)
 Metaspace       used 22638K, committed 23488K, reserved 1114112K
  class space    used 2327K, committed 2688K, reserved 1048576K
}
Event: 26.539 GC heap after
{Heap after GC invocations=10 (full 1):
 PSYoungGen      total 22528K, used 656K [0x00000000d5580000, 0x00000000d7180000, 0x0000000100000000)
  eden space 21504K, 0% used [0x00000000d5580000,0x00000000d5580000,0x00000000d6a80000)
  from space 1024K, 64% used [0x00000000d6a80000,0x00000000d6b24360,0x00000000d6b80000)
  to   space 2560K, 0% used [0x00000000d6f00000,0x00000000d6f00000,0x00000000d7180000)
 ParOldGen       total 68608K, used 16953K [0x0000000080000000, 0x0000000084300000, 0x00000000d5580000)
  object space 68608K, 24% used [0x0000000080000000,0x000000008108e468,0x0000000084300000)
 Metaspace       used 22638K, committed 23488K, reserved 1114112K
  class space    used 2327K, committed 2688K, reserved 1048576K
}
Event: 26.727 GC heap before
{Heap before GC invocations=11 (full 1):
 PSYoungGen      total 22528K, used 22160K [0x00000000d5580000, 0x00000000d7180000, 0x0000000100000000)
  eden space 21504K, 100% used [0x00000000d5580000,0x00000000d6a80000,0x00000000d6a80000)
  from space 1024K, 64% used [0x00000000d6a80000,0x00000000d6b24360,0x00000000d6b80000)
  to   space 2560K, 0% used [0x00000000d6f00000,0x00000000d6f00000,0x00000000d7180000)
 ParOldGen       total 68608K, used 16953K [0x0000000080000000, 0x0000000084300000, 0x00000000d5580000)
  object space 68608K, 24% used [0x0000000080000000,0x000000008108e468,0x0000000084300000)
 Metaspace       used 25881K, committed 26624K, reserved 1114112K
  class space    used 2557K, committed 2880K, reserved 1048576K
}
Event: 26.728 GC heap after
{Heap after GC invocations=11 (full 1):
 PSYoungGen      total 22528K, used 968K [0x00000000d5580000, 0x00000000d7000000, 0x0000000100000000)
  eden space 21504K, 0% used [0x00000000d5580000,0x00000000d5580000,0x00000000d6a80000)
  from space 1024K, 94% used [0x00000000d6f00000,0x00000000d6ff23f0,0x00000000d7000000)
  to   space 1536K, 0% used [0x00000000d6d00000,0x00000000d6d00000,0x00000000d6e80000)
 ParOldGen       total 68608K, used 16961K [0x0000000080000000, 0x0000000084300000, 0x00000000d5580000)
  object space 68608K, 24% used [0x0000000080000000,0x0000000081090468,0x0000000084300000)
 Metaspace       used 25881K, committed 26624K, reserved 1114112K
  class space    used 2557K, committed 2880K, reserved 1048576K
}
Event: 26.918 GC heap before
{Heap before GC invocations=12 (full 1):
 PSYoungGen      total 22528K, used 22472K [0x00000000d5580000, 0x00000000d7000000, 0x0000000100000000)
  eden space 21504K, 100% used [0x00000000d5580000,0x00000000d6a80000,0x00000000d6a80000)
  from space 1024K, 94% used [0x00000000d6f00000,0x00000000d6ff23f0,0x00000000d7000000)
  to   space 1536K, 0% used [0x00000000d6d00000,0x00000000d6d00000,0x00000000d6e80000)
 ParOldGen       total 68608K, used 16961K [0x0000000080000000, 0x0000000084300000, 0x00000000d5580000)
  object space 68608K, 24% used [0x0000000080000000,0x0000000081090468,0x0000000084300000)
 Metaspace       used 27128K, committed 27968K, reserved 1114112K
  class space    used 2640K, committed 3008K, reserved 1048576K
}
Event: 26.920 GC heap after
{Heap after GC invocations=12 (full 1):
 PSYoungGen      total 23040K, used 1271K [0x00000000d5580000, 0x00000000d6f80000, 0x0000000100000000)
  eden space 21504K, 0% used [0x00000000d5580000,0x00000000d5580000,0x00000000d6a80000)
  from space 1536K, 82% used [0x00000000d6d00000,0x00000000d6e3dd08,0x00000000d6e80000)
  to   space 1024K, 0% used [0x00000000d6e80000,0x00000000d6e80000,0x00000000d6f80000)
 ParOldGen       total 68608K, used 18420K [0x0000000080000000, 0x0000000084300000, 0x00000000d5580000)
  object space 68608K, 26% used [0x0000000080000000,0x00000000811fd248,0x0000000084300000)
 Metaspace       used 27128K, committed 27968K, reserved 1114112K
  class space    used 2640K, committed 3008K, reserved 1048576K
}
Event: 27.259 GC heap before
{Heap before GC invocations=13 (full 1):
 PSYoungGen      total 23040K, used 22744K [0x00000000d5580000, 0x00000000d6f80000, 0x0000000100000000)
  eden space 21504K, 99% used [0x00000000d5580000,0x00000000d6a785e8,0x00000000d6a80000)
  from space 1536K, 82% used [0x00000000d6d00000,0x00000000d6e3dd08,0x00000000d6e80000)
  to   space 1024K, 0% used [0x00000000d6e80000,0x00000000d6e80000,0x00000000d6f80000)
 ParOldGen       total 68608K, used 18420K [0x0000000080000000, 0x0000000084300000, 0x00000000d5580000)
  object space 68608K, 26% used [0x0000000080000000,0x00000000811fd248,0x0000000084300000)
 Metaspace       used 30482K, committed 31424K, reserved 1114112K
  class space    used 2992K, committed 3392K, reserved 1048576K
}
Event: 27.261 GC heap after
{Heap after GC invocations=13 (full 1):
 PSYoungGen      total 22528K, used 1007K [0x00000000d5580000, 0x00000000d7280000, 0x0000000100000000)
  eden space 21504K, 0% used [0x00000000d5580000,0x00000000d5580000,0x00000000d6a80000)
  from space 1024K, 98% used [0x00000000d6e80000,0x00000000d6f7bdd0,0x00000000d6f80000)
  to   space 4096K, 0% used [0x00000000d6a80000,0x00000000d6a80000,0x00000000d6e80000)
 ParOldGen       total 68608K, used 20830K [0x0000000080000000, 0x0000000084300000, 0x00000000d5580000)
  object space 68608K, 30% used [0x0000000080000000,0x0000000081457ae8,0x0000000084300000)
 Metaspace       used 30482K, committed 31424K, reserved 1114112K
  class space    used 2992K, committed 3392K, reserved 1048576K
}
Event: 27.395 GC heap before
{Heap before GC invocations=14 (full 1):
 PSYoungGen      total 22528K, used 22511K [0x00000000d5580000, 0x00000000d7280000, 0x0000000100000000)
  eden space 21504K, 100% used [0x00000000d5580000,0x00000000d6a80000,0x00000000d6a80000)
  from space 1024K, 98% used [0x00000000d6e80000,0x00000000d6f7bdd0,0x00000000d6f80000)
  to   space 4096K, 0% used [0x00000000d6a80000,0x00000000d6a80000,0x00000000d6e80000)
 ParOldGen       total 68608K, used 20830K [0x0000000080000000, 0x0000000084300000, 0x00000000d5580000)
  object space 68608K, 30% used [0x0000000080000000,0x0000000081457ae8,0x0000000084300000)
 Metaspace       used 33670K, committed 34752K, reserved 1114112K
  class space    used 3395K, committed 3904K, reserved 1048576K
}
Event: 27.397 GC heap after
{Heap after GC invocations=14 (full 1):
 PSYoungGen      total 23040K, used 1171K [0x00000000d5580000, 0x00000000d6f00000, 0x0000000100000000)
  eden space 21504K, 0% used [0x00000000d5580000,0x00000000d5580000,0x00000000d6a80000)
  from space 1536K, 76% used [0x00000000d6a80000,0x00000000d6ba4e68,0x00000000d6c00000)
  to   space 2048K, 0% used [0x00000000d6d00000,0x00000000d6d00000,0x00000000d6f00000)
 ParOldGen       total 68608K, used 21842K [0x0000000080000000, 0x0000000084300000, 0x00000000d5580000)
  object space 68608K, 31% used [0x0000000080000000,0x0000000081554850,0x0000000084300000)
 Metaspace       used 33670K, committed 34752K, reserved 1114112K
  class space    used 3395K, committed 3904K, reserved 1048576K
}
Event: 27.450 GC heap before
{Heap before GC invocations=15 (full 1):
 PSYoungGen      total 23040K, used 15879K [0x00000000d5580000, 0x00000000d6f00000, 0x0000000100000000)
  eden space 21504K, 68% used [0x00000000d5580000,0x00000000d63dd140,0x00000000d6a80000)
  from space 1536K, 76% used [0x00000000d6a80000,0x00000000d6ba4e68,0x00000000d6c00000)
  to   space 2048K, 0% used [0x00000000d6d00000,0x00000000d6d00000,0x00000000d6f00000)
 ParOldGen       total 68608K, used 21842K [0x0000000080000000, 0x0000000084300000, 0x00000000d5580000)
  object space 68608K, 31% used [0x0000000080000000,0x0000000081554850,0x0000000084300000)
 Metaspace       used 34771K, committed 35840K, reserved 1114112K
  class space    used 3534K, committed 3968K, reserved 1048576K
}
Event: 27.452 GC heap after
{Heap after GC invocations=15 (full 1):
 PSYoungGen      total 23040K, used 1395K [0x00000000d5580000, 0x00000000d6e80000, 0x0000000100000000)
  eden space 21504K, 0% used [0x00000000d5580000,0x00000000d5580000,0x00000000d6a80000)
  from space 1536K, 90% used [0x00000000d6d00000,0x00000000d6e5ceb0,0x00000000d6e80000)
  to   space 1536K, 0% used [0x00000000d6a80000,0x00000000d6a80000,0x00000000d6c00000)
 ParOldGen       total 68608K, used 22854K [0x0000000080000000, 0x0000000084300000, 0x00000000d5580000)
  object space 68608K, 33% used [0x0000000080000000,0x0000000081651b68,0x0000000084300000)
 Metaspace       used 34771K, committed 35840K, reserved 1114112K
  class space    used 3534K, committed 3968K, reserved 1048576K
}
Event: 27.452 GC heap before
{Heap before GC invocations=16 (full 2):
 PSYoungGen      total 23040K, used 1395K [0x00000000d5580000, 0x00000000d6e80000, 0x0000000100000000)
  eden space 21504K, 0% used [0x00000000d5580000,0x00000000d5580000,0x00000000d6a80000)
  from space 1536K, 90% used [0x00000000d6d00000,0x00000000d6e5ceb0,0x00000000d6e80000)
  to   space 1536K, 0% used [0x00000000d6a80000,0x00000000d6a80000,0x00000000d6c00000)
 ParOldGen       total 68608K, used 22854K [0x0000000080000000, 0x0000000084300000, 0x00000000d5580000)
  object space 68608K, 33% used [0x0000000080000000,0x0000000081651b68,0x0000000084300000)
 Metaspace       used 34771K, committed 35840K, reserved 1114112K
  class space    used 3534K, committed 3968K, reserved 1048576K
}
Event: 27.484 GC heap after
{Heap after GC invocations=16 (full 2):
 PSYoungGen      total 23040K, used 0K [0x00000000d5580000, 0x00000000d6e80000, 0x0000000100000000)
  eden space 21504K, 0% used [0x00000000d5580000,0x00000000d5580000,0x00000000d6a80000)
  from space 1536K, 0% used [0x00000000d6d00000,0x00000000d6d00000,0x00000000d6e80000)
  to   space 1536K, 0% used [0x00000000d6a80000,0x00000000d6a80000,0x00000000d6c00000)
 ParOldGen       total 68608K, used 23302K [0x0000000080000000, 0x0000000084300000, 0x00000000d5580000)
  object space 68608K, 33% used [0x0000000080000000,0x00000000816c1a78,0x0000000084300000)
 Metaspace       used 34771K, committed 35840K, reserved 1114112K
  class space    used 3534K, committed 3968K, reserved 1048576K
}
Event: 32.734 GC heap before
{Heap before GC invocations=17 (full 2):
 PSYoungGen      total 23040K, used 21504K [0x00000000d5580000, 0x00000000d6e80000, 0x0000000100000000)
  eden space 21504K, 100% used [0x00000000d5580000,0x00000000d6a80000,0x00000000d6a80000)
  from space 1536K, 0% used [0x00000000d6d00000,0x00000000d6d00000,0x00000000d6e80000)
  to   space 1536K, 0% used [0x00000000d6a80000,0x00000000d6a80000,0x00000000d6c00000)
 ParOldGen       total 68608K, used 23302K [0x0000000080000000, 0x0000000084300000, 0x00000000d5580000)
  object space 68608K, 33% used [0x0000000080000000,0x00000000816c1a78,0x0000000084300000)
 Metaspace       used 37837K, committed 38912K, reserved 1114112K
  class space    used 3937K, committed 4416K, reserved 1048576K
}
Event: 32.737 GC heap after
{Heap after GC invocations=17 (full 2):
 PSYoungGen      total 23040K, used 1200K [0x00000000d5580000, 0x00000000d6d80000, 0x0000000100000000)
  eden space 21504K, 0% used [0x00000000d5580000,0x00000000d5580000,0x00000000d6a80000)
  from space 1536K, 78% used [0x00000000d6a80000,0x00000000d6bac010,0x00000000d6c00000)
  to   space 1536K, 0% used [0x00000000d6c00000,0x00000000d6c00000,0x00000000d6d80000)
 ParOldGen       total 68608K, used 23310K [0x0000000080000000, 0x0000000084300000, 0x00000000d5580000)
  object space 68608K, 33% used [0x0000000080000000,0x00000000816c3a78,0x0000000084300000)
 Metaspace       used 37837K, committed 38912K, reserved 1114112K
  class space    used 3937K, committed 4416K, reserved 1048576K
}

Dll operation events (11 events):
Event: 0.118 Loaded shared library c:\Users\nourg\.vscode\extensions\redhat.java-1.54.0-win32-x64\jre\21.0.10-win32-x86_64\bin\java.dll
Event: 0.289 Loaded shared library c:\Users\nourg\.vscode\extensions\redhat.java-1.54.0-win32-x64\jre\21.0.10-win32-x86_64\bin\zip.dll
Event: 0.328 Loaded shared library C:\Users\nourg\.vscode\extensions\redhat.java-1.54.0-win32-x64\jre\21.0.10-win32-x86_64\bin\instrument.dll
Event: 0.572 Loaded shared library C:\Users\nourg\.vscode\extensions\redhat.java-1.54.0-win32-x64\jre\21.0.10-win32-x86_64\bin\net.dll
Event: 0.711 Loaded shared library C:\Users\nourg\.vscode\extensions\redhat.java-1.54.0-win32-x64\jre\21.0.10-win32-x86_64\bin\nio.dll
Event: 0.714 Loaded shared library C:\Users\nourg\.vscode\extensions\redhat.java-1.54.0-win32-x64\jre\21.0.10-win32-x86_64\bin\zip.dll
Event: 0.737 Loaded shared library C:\Users\nourg\.vscode\extensions\redhat.java-1.54.0-win32-x64\jre\21.0.10-win32-x86_64\bin\jimage.dll
Event: 0.879 Loaded shared library c:\Users\nourg\.vscode\extensions\redhat.java-1.54.0-win32-x64\jre\21.0.10-win32-x86_64\bin\verify.dll
Event: 11.005 Loaded shared library C:\Users\nourg\AppData\Roaming\Code\User\globalStorage\redhat.java\1.54.0\config_win\org.eclipse.equinox.launcher\org.eclipse.equinox.launcher.win32.win32.x86_64_1.3.0.v20260203-2149\eclipse_11919.dll
Event: 25.226 Loaded shared library C:\Users\nourg\AppData\Local\Temp\jna-105010185\jna10153589934599224147.dll
Event: 32.699 Loaded shared library C:\Users\nourg\.vscode\extensions\redhat.java-1.54.0-win32-x64\jre\21.0.10-win32-x86_64\bin\sunmscapi.dll

Deoptimization events (20 events):
Event: 33.769 Thread 0x00000226f83a6860 Uncommon trap: trap_request=0xffffffc6 fr.pc=0x00000226e31a3c34 relative=0x0000000000000f54
Event: 33.769 Thread 0x00000226f83a6860 Uncommon trap: reason=bimorphic_or_optimized_type_check action=maybe_recompile pc=0x00000226e31a3c34 method=java.util.Properties$LineReader.readLine()I @ 479 c2
Event: 33.769 Thread 0x00000226f83a6860 DEOPT PACKING pc=0x00000226e31a3c34 sp=0x000000d6f6bfda80
Event: 33.769 Thread 0x00000226f83a6860 DEOPT UNPACKING pc=0x00000226e2b63aa2 sp=0x000000d6f6bfda08 mode 2
Event: 33.791 Thread 0x00000226d6b00f00 Uncommon trap: trap_request=0xffffff45 fr.pc=0x00000226e31f3524 relative=0x00000000000000e4
Event: 33.791 Thread 0x00000226d6b00f00 Uncommon trap: reason=unstable_if action=reinterpret pc=0x00000226e31f3524 method=java.lang.CharacterDataLatin1.digit(II)I @ 7 c2
Event: 33.791 Thread 0x00000226d6b00f00 DEOPT PACKING pc=0x00000226e31f3524 sp=0x000000d6f45fe2b0
Event: 33.791 Thread 0x00000226d6b00f00 DEOPT UNPACKING pc=0x00000226e2b63aa2 sp=0x000000d6f45fe170 mode 2
Event: 33.791 Thread 0x00000226d6b00f00 Uncommon trap: trap_request=0xffffff45 fr.pc=0x00000226e30ebfc8 relative=0x00000000000000a8
Event: 33.791 Thread 0x00000226d6b00f00 Uncommon trap: reason=unstable_if action=reinterpret pc=0x00000226e30ebfc8 method=java.lang.CharacterDataLatin1.digit(II)I @ 7 c2
Event: 33.791 Thread 0x00000226d6b00f00 DEOPT PACKING pc=0x00000226e30ebfc8 sp=0x000000d6f45fe210
Event: 33.791 Thread 0x00000226d6b00f00 DEOPT UNPACKING pc=0x00000226e2b63aa2 sp=0x000000d6f45fe190 mode 2
Event: 33.794 Thread 0x00000226d6b00f00 Uncommon trap: trap_request=0xffffff45 fr.pc=0x00000226e30bcda8 relative=0x0000000000000188
Event: 33.794 Thread 0x00000226d6b00f00 Uncommon trap: reason=unstable_if action=reinterpret pc=0x00000226e30bcda8 method=java.lang.String.equals(Ljava/lang/Object;)Z @ 33 c2
Event: 33.794 Thread 0x00000226d6b00f00 DEOPT PACKING pc=0x00000226e30bcda8 sp=0x000000d6f45fdf30
Event: 33.794 Thread 0x00000226d6b00f00 DEOPT UNPACKING pc=0x00000226e2b63aa2 sp=0x000000d6f45fdec0 mode 2
Event: 33.813 Thread 0x00000226f83a6860 Uncommon trap: trap_request=0xffffff45 fr.pc=0x00000226e323b454 relative=0x0000000000000134
Event: 33.813 Thread 0x00000226f83a6860 Uncommon trap: reason=unstable_if action=reinterpret pc=0x00000226e323b454 method=java.util.ArrayList.indexOfRange(Ljava/lang/Object;II)I @ 7 c2
Event: 33.813 Thread 0x00000226f83a6860 DEOPT PACKING pc=0x00000226e323b454 sp=0x000000d6f6bfe5d0
Event: 33.813 Thread 0x00000226f83a6860 DEOPT UNPACKING pc=0x00000226e2b63aa2 sp=0x000000d6f6bfe490 mode 2

Classes loaded (20 events):
Event: 33.788 Loading class sun/nio/ch/Iocp$ResultHandler done
Event: 33.788 Loading class sun/nio/ch/WindowsAsynchronousFileChannelImpl$ReadTask done
Event: 33.790 Loading class java/text/ParsePosition
Event: 33.790 Loading class java/text/ParsePosition done
Event: 33.790 Loading class java/text/CalendarBuilder
Event: 33.791 Loading class java/text/CalendarBuilder done
Event: 33.792 Loading class sun/util/locale/provider/CalendarDataUtility$CalendarFieldValueNamesMapGetter
Event: 33.792 Loading class sun/util/locale/provider/CalendarDataUtility$CalendarFieldValueNamesMapGetter done
Event: 33.792 Loading class sun/util/cldr/CLDRCalendarNameProviderImpl
Event: 33.793 Loading class sun/util/locale/provider/CalendarNameProviderImpl
Event: 33.793 Loading class sun/util/locale/provider/CalendarNameProviderImpl done
Event: 33.793 Loading class sun/util/cldr/CLDRCalendarNameProviderImpl done
Event: 33.794 Loading class sun/util/locale/provider/CalendarNameProviderImpl$LengthBasedComparator
Event: 33.794 Loading class sun/util/locale/provider/CalendarNameProviderImpl$LengthBasedComparator done
Event: 33.813 Loading class sun/nio/cs/ISO_8859_1$Encoder
Event: 33.813 Loading class sun/nio/cs/ISO_8859_1$Encoder done
Event: 33.813 Loading class sun/nio/cs/Surrogate$Parser
Event: 33.814 Loading class sun/nio/cs/Surrogate$Parser done
Event: 33.814 Loading class sun/nio/cs/Surrogate
Event: 33.814 Loading class sun/nio/cs/Surrogate done

Classes unloaded (7 events):
Event: 26.288 Thread 0x00000226ef4940d0 Unloading class 0x00000226811a4800 'java/lang/invoke/LambdaForm$MH+0x00000226811a4800'
Event: 26.288 Thread 0x00000226ef4940d0 Unloading class 0x00000226811a4400 'java/lang/invoke/LambdaForm$MH+0x00000226811a4400'
Event: 26.288 Thread 0x00000226ef4940d0 Unloading class 0x00000226811a4000 'java/lang/invoke/LambdaForm$MH+0x00000226811a4000'
Event: 26.288 Thread 0x00000226ef4940d0 Unloading class 0x00000226811a3c00 'java/lang/invoke/LambdaForm$MH+0x00000226811a3c00'
Event: 26.288 Thread 0x00000226ef4940d0 Unloading class 0x00000226811a3800 'java/lang/invoke/LambdaForm$BMH+0x00000226811a3800'
Event: 26.288 Thread 0x00000226ef4940d0 Unloading class 0x00000226811a3400 'java/lang/invoke/LambdaForm$DMH+0x00000226811a3400'
Event: 26.288 Thread 0x00000226ef4940d0 Unloading class 0x00000226811a2000 'java/lang/invoke/LambdaForm$DMH+0x00000226811a2000'

Classes redefined (0 events):
No events

Internal exceptions (20 events):
Event: 27.307 Thread 0x00000226f83a6860 Exception <a 'java/lang/NoSuchMethodError'{0x00000000d5ec9aa0}: 'int java.lang.invoke.DirectMethodHandle$Holder.invokeVirtual(java.lang.Object, java.lang.Object, java.lang.Object)'> (0x00000000d5ec9aa0) 
thrown [s\src\hotspot\share\interpreter\linkResolver.cpp, line 773]
Event: 27.307 Thread 0x00000226f83a6860 Exception <a 'java/lang/NoSuchMethodError'{0x00000000d5ecda18}: 'int java.lang.invoke.DirectMethodHandle$Holder.invokeStaticInit(java.lang.Object, int, int)'> (0x00000000d5ecda18) 
thrown [s\src\hotspot\share\interpreter\linkResolver.cpp, line 773]
Event: 27.308 Thread 0x00000226f83a6860 Exception <a 'java/lang/NoSuchMethodError'{0x00000000d5ee4140}: 'int java.lang.invoke.DirectMethodHandle$Holder.invokeStaticInit(java.lang.Object, long, long)'> (0x00000000d5ee4140) 
thrown [s\src\hotspot\share\interpreter\linkResolver.cpp, line 773]
Event: 27.308 Thread 0x00000226f83a6860 Exception <a 'java/lang/NoSuchMethodError'{0x00000000d5eeaad8}: 'int java.lang.invoke.DirectMethodHandle$Holder.invokeStaticInit(java.lang.Object, float, float)'> (0x00000000d5eeaad8) 
thrown [s\src\hotspot\share\interpreter\linkResolver.cpp, line 773]
Event: 27.308 Thread 0x00000226f83a6860 Exception <a 'java/lang/NoSuchMethodError'{0x00000000d5f01b40}: 'int java.lang.invoke.DirectMethodHandle$Holder.invokeStaticInit(java.lang.Object, double, double)'> (0x00000000d5f01b40) 
thrown [s\src\hotspot\share\interpreter\linkResolver.cpp, line 773]
Event: 27.309 Thread 0x00000226f83a6860 Exception <a 'java/lang/NoSuchMethodError'{0x00000000d5f05f38}: 'int java.lang.invoke.DirectMethodHandle$Holder.invokeStatic(java.lang.Object, long)'> (0x00000000d5f05f38) 
thrown [s\src\hotspot\share\interpreter\linkResolver.cpp, line 773]
Event: 27.311 Thread 0x00000226f83a6860 Exception <a 'java/lang/NoSuchMethodError'{0x00000000d5f46d60}: 'int java.lang.invoke.Invokers$Holder.linkToTargetMethod(java.lang.Object, java.lang.Object)'> (0x00000000d5f46d60) 
thrown [s\src\hotspot\share\interpreter\linkResolver.cpp, line 773]
Event: 27.312 Thread 0x00000226d6b00f00 Exception <a 'java/lang/NoSuchMethodError'{0x00000000d5f61590}: 'java.lang.Object java.lang.invoke.DirectMethodHandle$Holder.invokeStatic(java.lang.Object, long, java.lang.Object)'> (0x00000000d5f61590) 
thrown [s\src\hotspot\share\interpreter\linkResolver.cpp, line 773]
Event: 27.313 Thread 0x00000226d6b00f00 Exception <a 'java/lang/NoSuchMethodError'{0x00000000d5f74468}: 'java.lang.Object java.lang.invoke.DirectMethodHandle$Holder.invokeStaticInit(java.lang.Object, long, java.lang.Object)'> (0x00000000d5f74468) 
thrown [s\src\hotspot\share\interpreter\linkResolver.cpp, line 773]
Event: 27.314 Thread 0x00000226d6b00f00 Exception <a 'java/lang/NoSuchMethodError'{0x00000000d5f79fc8}: 'java.lang.Object java.lang.invoke.DirectMethodHandle$Holder.newInvokeSpecial(java.lang.Object, long)'> (0x00000000d5f79fc8) 
thrown [s\src\hotspot\share\interpreter\linkResolver.cpp, line 773]
Event: 27.347 Thread 0x00000226f83a6860 Exception <a 'java/lang/NoSuchMethodError'{0x00000000d628f6b8}: 'java.lang.Object java.lang.invoke.DirectMethodHandle$Holder.invokeSpecialIFC(java.lang.Object, java.lang.Object, java.lang.Object, java.lang.Object)'> (0x00000000d628f6b8) 
thrown [s\src\hotspot\share\interpreter\linkResolver.cpp, line 773]
Event: 27.376 Thread 0x00000226f83a33e0 Exception <a 'java/lang/NoSuchMethodError'{0x00000000d5a11310}: 'int java.lang.invoke.DirectMethodHandle$Holder.invokeSpecial(java.lang.Object, java.lang.Object, java.lang.Object, java.lang.Object)'> (0x00000000d5a11310) 
thrown [s\src\hotspot\share\interpreter\linkResolver.cpp, line 773]
Event: 27.377 Thread 0x00000226f83a33e0 Exception <a 'java/lang/NoSuchMethodError'{0x00000000d66fdcd0}: 'java.lang.Object java.lang.invoke.DirectMethodHandle$Holder.invokeStatic(java.lang.Object, int, java.lang.Object, java.lang.Object)'> (0x00000000d66fdcd0) 
thrown [s\src\hotspot\share\interpreter\linkResolver.cpp, line 773]
Event: 27.377 Thread 0x00000226f83a33e0 Exception <a 'java/lang/NoSuchMethodError'{0x00000000d67014b0}: 'java.lang.Object java.lang.invoke.DelegatingMethodHandle$Holder.delegate(java.lang.Object, int, java.lang.Object, java.lang.Object)'> (0x00000000d67014b0) 
thrown [s\src\hotspot\share\interpreter\linkResolver.cpp, line 773]
Event: 27.378 Thread 0x00000226f83a33e0 Implicit null exception at 0x00000226e32c6676 to 0x00000226e32c6998
Event: 27.379 Thread 0x00000226f83a33e0 Exception <a 'java/lang/NoSuchMethodError'{0x00000000d67642b0}: 'int java.lang.invoke.Invokers$Holder.linkToTargetMethod(java.lang.Object, java.lang.Object, java.lang.Object)'> (0x00000000d67642b0) 
thrown [s\src\hotspot\share\interpreter\linkResolver.cpp, line 773]
Event: 32.745 Thread 0x00000226d6b00f00 Exception <a 'java/lang/NoSuchMethodError'{0x00000000d56a8b88}: 'void java.lang.invoke.DirectMethodHandle$Holder.invokeSpecial(java.lang.Object, java.lang.Object, java.lang.Object, java.lang.Object, java.lang.Object, java.lang.Object)'> (0x00000000d56a8b88) 
thrown [s\src\hotspot\share\interpreter\linkResolver.cpp, line 773]
Event: 32.748 Thread 0x00000226d6b00f00 Exception <a 'java/lang/IncompatibleClassChangeError'{0x00000000d56c2b70}: Found class java.lang.Object, but interface was expected> (0x00000000d56c2b70) 
thrown [s\src\hotspot\share\interpreter\linkResolver.cpp, line 840]
Event: 32.749 Thread 0x00000226d6b00f00 Exception <a 'java/lang/IncompatibleClassChangeError'{0x00000000d56c48b8}: Found class java.lang.Object, but interface was expected> (0x00000000d56c48b8) 
thrown [s\src\hotspot\share\interpreter\linkResolver.cpp, line 840]
Event: 33.784 Thread 0x00000226f83a6860 Exception <a 'java/lang/NoClassDefFoundError'{0x00000000d5a87a68}: javax/enterprise/inject/Typed> (0x00000000d5a87a68) 
thrown [s\src\hotspot\share\classfile\systemDictionary.cpp, line 301]

ZGC Phase Switch (0 events):
No events

VM Operations (20 events):
Event: 27.318 Executing non-safepoint VM operation: HandshakeAllThreads (Deoptimize) done
Event: 27.395 Executing safepoint VM operation: ParallelGCFailedAllocation (Allocation Failure)
Event: 27.397 Executing safepoint VM operation: ParallelGCFailedAllocation (Allocation Failure) done
Event: 27.450 Executing safepoint VM operation: CollectForMetadataAllocation (Metadata GC Threshold)
Event: 27.484 Executing safepoint VM operation: CollectForMetadataAllocation (Metadata GC Threshold) done
Event: 28.484 Executing safepoint VM operation: Cleanup
Event: 28.579 Executing safepoint VM operation: Cleanup done
Event: 29.580 Executing safepoint VM operation: Cleanup
Event: 32.710 Executing safepoint VM operation: Cleanup done
Event: 32.720 Executing non-safepoint VM operation: HandshakeAllThreads (Deoptimize)
Event: 32.720 Executing non-safepoint VM operation: HandshakeAllThreads (Deoptimize) done
Event: 32.734 Executing safepoint VM operation: ParallelGCFailedAllocation (Allocation Failure)
Event: 32.737 Executing safepoint VM operation: ParallelGCFailedAllocation (Allocation Failure) done
Event: 32.751 Executing non-safepoint VM operation: HandshakeAllThreads (Deoptimize)
Event: 32.751 Executing non-safepoint VM operation: HandshakeAllThreads (Deoptimize) done
Event: 33.761 Executing safepoint VM operation: Cleanup
Event: 33.762 Executing safepoint VM operation: Cleanup done
Event: 33.775 Executing non-safepoint VM operation: HandshakeAllThreads (Deoptimize)
Event: 33.775 Executing non-safepoint VM operation: HandshakeAllThreads (Deoptimize) done
Event: 34.788 Executing safepoint VM operation: Cleanup

Memory protections (0 events):
No events

Nmethod flushes (20 events):
Event: 27.468 Thread 0x00000226ef4940d0 flushing  nmethod 0x00000226dbc0e590
Event: 27.468 Thread 0x00000226ef4940d0 flushing  nmethod 0x00000226dbc1b890
Event: 27.468 Thread 0x00000226ef4940d0 flushing  nmethod 0x00000226dbc1bb90
Event: 27.468 Thread 0x00000226ef4940d0 flushing  nmethod 0x00000226dbc25790
Event: 27.468 Thread 0x00000226ef4940d0 flushing  nmethod 0x00000226dbc8ea90
Event: 27.468 Thread 0x00000226ef4940d0 flushing  nmethod 0x00000226dbc8ee90
Event: 27.468 Thread 0x00000226ef4940d0 flushing  nmethod 0x00000226dbc8f790
Event: 27.468 Thread 0x00000226ef4940d0 flushing  nmethod 0x00000226dbc90990
Event: 27.468 Thread 0x00000226ef4940d0 flushing  nmethod 0x00000226dbc91190
Event: 27.468 Thread 0x00000226ef4940d0 flushing  nmethod 0x00000226dbc92e90
Event: 27.468 Thread 0x00000226ef4940d0 flushing  nmethod 0x00000226dbc93790
Event: 27.468 Thread 0x00000226ef4940d0 flushing  nmethod 0x00000226dbc94490
Event: 27.468 Thread 0x00000226ef4940d0 flushing  nmethod 0x00000226dbc94890
Event: 27.468 Thread 0x00000226ef4940d0 flushing  nmethod 0x00000226dbc94d10
Event: 27.468 Thread 0x00000226ef4940d0 flushing  nmethod 0x00000226dbc96490
Event: 27.468 Thread 0x00000226ef4940d0 flushing  nmethod 0x00000226dbc98190
Event: 27.468 Thread 0x00000226ef4940d0 flushing  nmethod 0x00000226dbce7b90
Event: 27.468 Thread 0x00000226ef4940d0 flushing  nmethod 0x00000226dbce8d10
Event: 27.468 Thread 0x00000226ef4940d0 flushing  nmethod 0x00000226dbd34090
Event: 27.468 Thread 0x00000226ef4940d0 flushing  nmethod 0x00000226dbd65d10

Events (20 events):
Event: 27.243 Thread 0x00000226f7024590 Thread added: 0x00000226f83a61d0
Event: 27.288 Thread 0x00000226f83a61d0 Thread added: 0x00000226f83a6860
Event: 27.288 Thread 0x00000226f83a6860 Thread added: 0x00000226f83a33e0
Event: 27.325 Thread 0x00000226d6b00f00 Thread added: 0x00000226f83a6ef0
Event: 27.326 Thread 0x00000226d6b00f00 Thread added: 0x00000226f83a3a70
Event: 27.326 Thread 0x00000226d6b00f00 Thread added: 0x00000226f83a5b40
Event: 27.326 Thread 0x00000226d6b00f00 Thread added: 0x00000226f83a54b0
Event: 27.326 Thread 0x00000226d6b00f00 Thread added: 0x00000226f83a4100
Event: 27.326 Thread 0x00000226d6b00f00 Thread added: 0x00000226f83a7580
Event: 27.327 Thread 0x00000226d6b00f00 Thread added: 0x00000226f83a7c10
Event: 27.327 Thread 0x00000226d6b00f00 Thread added: 0x00000226f83a4790
Event: 27.327 Thread 0x00000226d6b00f00 Thread added: 0x00000226f83a8930
Event: 27.327 Thread 0x00000226d6b00f00 Thread added: 0x00000226f83aaa00
Event: 27.327 Thread 0x00000226d6b00f00 Thread added: 0x00000226f83a82a0
Event: 27.327 Thread 0x00000226d6b00f00 Thread added: 0x00000226f83a9650
Event: 27.327 Thread 0x00000226d6b00f00 Thread added: 0x00000226f83a8fc0
Event: 27.371 Thread 0x00000226d6b00f00 Thread added: 0x00000226f83a9ce0
Event: 28.579 Thread 0x00000226f83a61d0 Thread added: 0x00000226f83aa370
Event: 33.785 Thread 0x00000226d6b00f00 Thread added: 0x00000226f0c8fa60
Event: 33.785 Thread 0x00000226d6b00f00 Thread added: 0x00000226f0c921c0


Dynamic libraries:
0x00007ff6c42e0000 - 0x00007ff6c42ee000 	c:\Users\nourg\.vscode\extensions\redhat.java-1.54.0-win32-x64\jre\21.0.10-win32-x86_64\bin\java.exe
0x00007fff27360000 - 0x00007fff275c7000 	C:\WINDOWS\SYSTEM32\ntdll.dll
0x00007fff25810000 - 0x00007fff258d9000 	C:\WINDOWS\System32\KERNEL32.DLL
0x00007fff24ce0000 - 0x00007fff250d7000 	C:\WINDOWS\System32\KERNELBASE.dll
0x00007fff20400000 - 0x00007fff204a0000 	C:\WINDOWS\SYSTEM32\apphelp.dll
0x00007fff23e40000 - 0x00007fff23f8b000 	C:\WINDOWS\System32\ucrtbase.dll
0x00007ffefac70000 - 0x00007ffefac8e000 	c:\Users\nourg\.vscode\extensions\redhat.java-1.54.0-win32-x64\jre\21.0.10-win32-x86_64\bin\VCRUNTIME140.dll
0x00007ffefac50000 - 0x00007ffefac68000 	c:\Users\nourg\.vscode\extensions\redhat.java-1.54.0-win32-x64\jre\21.0.10-win32-x86_64\bin\jli.dll
0x00007fff26660000 - 0x00007fff26826000 	C:\WINDOWS\System32\USER32.dll
0x00007fff24390000 - 0x00007fff243b7000 	C:\WINDOWS\System32\win32u.dll
0x00007fff26630000 - 0x00007fff2665b000 	C:\WINDOWS\System32\GDI32.dll
0x00007fff22f90000 - 0x00007fff23222000 	C:\WINDOWS\WinSxS\amd64_microsoft.windows.common-controls_6595b64144ccf1df_6.0.26100.8457_none_3e0b2faee331e92d\COMCTL32.dll
0x00007fff24110000 - 0x00007fff2423c000 	C:\WINDOWS\System32\gdi32full.dll
0x00007fff25400000 - 0x00007fff254a9000 	C:\WINDOWS\System32\msvcrt.dll
0x00007fff23d90000 - 0x00007fff23e33000 	C:\WINDOWS\System32\msvcp_win.dll
0x00007fff25140000 - 0x00007fff25172000 	C:\WINDOWS\System32\IMM32.DLL
0x00007fff0fcb0000 - 0x00007fff0fcbc000 	c:\Users\nourg\.vscode\extensions\redhat.java-1.54.0-win32-x64\jre\21.0.10-win32-x86_64\bin\vcruntime140_1.dll
0x00007ffe83820000 - 0x00007ffe838ad000 	c:\Users\nourg\.vscode\extensions\redhat.java-1.54.0-win32-x64\jre\21.0.10-win32-x86_64\bin\msvcp140.dll
0x00007ffe24320000 - 0x00007ffe250c1000 	c:\Users\nourg\.vscode\extensions\redhat.java-1.54.0-win32-x64\jre\21.0.10-win32-x86_64\bin\server\jvm.dll
0x00007fff261b0000 - 0x00007fff26266000 	C:\WINDOWS\System32\ADVAPI32.dll
0x00007fff258e0000 - 0x00007fff25987000 	C:\WINDOWS\System32\sechost.dll
0x00007fff26090000 - 0x00007fff261a8000 	C:\WINDOWS\System32\RPCRT4.dll
0x00007fff254b0000 - 0x00007fff25530000 	C:\WINDOWS\System32\WS2_32.dll
0x00007fff23c10000 - 0x00007fff23c6e000 	C:\WINDOWS\SYSTEM32\POWRPROF.dll
0x00007fff1c390000 - 0x00007fff1c39b000 	C:\WINDOWS\SYSTEM32\VERSION.dll
0x00007fff1acc0000 - 0x00007fff1acf6000 	C:\WINDOWS\SYSTEM32\WINMM.dll
0x00007fff23bf0000 - 0x00007fff23c04000 	C:\WINDOWS\SYSTEM32\UMPDC.dll
0x00007fff223d0000 - 0x00007fff223eb000 	C:\WINDOWS\SYSTEM32\kernel.appcore.dll
0x00007ffefac40000 - 0x00007ffefac4a000 	c:\Users\nourg\.vscode\extensions\redhat.java-1.54.0-win32-x64\jre\21.0.10-win32-x86_64\bin\jimage.dll
0x00007fff23560000 - 0x00007fff237a2000 	C:\WINDOWS\SYSTEM32\DBGHELP.DLL
0x00007fff262a0000 - 0x00007fff26623000 	C:\WINDOWS\System32\combase.dll
0x00007fff25180000 - 0x00007fff25259000 	C:\WINDOWS\System32\OLEAUT32.dll
0x00007fff23430000 - 0x00007fff2346b000 	C:\WINDOWS\SYSTEM32\dbgcore.DLL
0x00007fff24c30000 - 0x00007fff24cd8000 	C:\WINDOWS\System32\bcryptPrimitives.dll
0x00007ffef6fe0000 - 0x00007ffef6fef000 	c:\Users\nourg\.vscode\extensions\redhat.java-1.54.0-win32-x64\jre\21.0.10-win32-x86_64\bin\instrument.dll
0x00007ffee3750000 - 0x00007ffee3770000 	c:\Users\nourg\.vscode\extensions\redhat.java-1.54.0-win32-x64\jre\21.0.10-win32-x86_64\bin\java.dll
0x00007fff26960000 - 0x00007fff270ce000 	C:\WINDOWS\System32\SHELL32.dll
0x00007fff243c0000 - 0x00007fff24c2c000 	C:\WINDOWS\System32\windows.storage.dll
0x00007fff26860000 - 0x00007fff26956000 	C:\WINDOWS\System32\SHCORE.dll
0x00007fff257a0000 - 0x00007fff25806000 	C:\WINDOWS\System32\shlwapi.dll
0x00007fff23cb0000 - 0x00007fff23cd9000 	C:\WINDOWS\SYSTEM32\profapi.dll
0x00007ffedf630000 - 0x00007ffedf648000 	c:\Users\nourg\.vscode\extensions\redhat.java-1.54.0-win32-x64\jre\21.0.10-win32-x86_64\bin\zip.dll
0x00007ffef6c20000 - 0x00007ffef6c30000 	C:\Users\nourg\.vscode\extensions\redhat.java-1.54.0-win32-x64\jre\21.0.10-win32-x86_64\bin\net.dll
0x00007fff1b190000 - 0x00007fff1b2b9000 	C:\WINDOWS\SYSTEM32\WINHTTP.dll
0x00007fff22930000 - 0x00007fff2299c000 	C:\WINDOWS\system32\mswsock.dll
0x00007ffedea10000 - 0x00007ffedea26000 	C:\Users\nourg\.vscode\extensions\redhat.java-1.54.0-win32-x64\jre\21.0.10-win32-x86_64\bin\nio.dll
0x00007ffef2720000 - 0x00007ffef2730000 	c:\Users\nourg\.vscode\extensions\redhat.java-1.54.0-win32-x64\jre\21.0.10-win32-x86_64\bin\verify.dll
0x00007ffe8a780000 - 0x00007ffe8a7c5000 	C:\Users\nourg\AppData\Roaming\Code\User\globalStorage\redhat.java\1.54.0\config_win\org.eclipse.equinox.launcher\org.eclipse.equinox.launcher.win32.win32.x86_64_1.3.0.v20260203-2149\eclipse_11919.dll
0x00007fff25600000 - 0x00007fff25797000 	C:\WINDOWS\System32\ole32.dll
0x00007fff238b0000 - 0x00007fff238cb000 	C:\WINDOWS\SYSTEM32\CRYPTSP.dll
0x00007fff22330000 - 0x00007fff22369000 	C:\WINDOWS\system32\rsaenh.dll
0x00007fff229e0000 - 0x00007fff22a13000 	C:\WINDOWS\SYSTEM32\USERENV.dll
0x00007fff23c80000 - 0x00007fff23caa000 	C:\WINDOWS\SYSTEM32\bcrypt.dll
0x00007fff22c80000 - 0x00007fff22c8c000 	C:\WINDOWS\SYSTEM32\CRYPTBASE.dll
0x00007fff21c30000 - 0x00007fff21c62000 	C:\WINDOWS\SYSTEM32\IPHLPAPI.DLL
0x00007fff27240000 - 0x00007fff2724a000 	C:\WINDOWS\System32\NSI.dll
0x00007ffe84200000 - 0x00007ffe84249000 	C:\Users\nourg\AppData\Local\Temp\jna-105010185\jna10153589934599224147.dll
0x00007fff25ea0000 - 0x00007fff25ea8000 	C:\WINDOWS\System32\PSAPI.DLL
0x00007fff1b4f0000 - 0x00007fff1b50d000 	C:\WINDOWS\SYSTEM32\dhcpcsvc6.DLL
0x00007fff1b4c0000 - 0x00007fff1b4e5000 	C:\WINDOWS\SYSTEM32\dhcpcsvc.DLL
0x00007ffef19e0000 - 0x00007ffef19ee000 	C:\Users\nourg\.vscode\extensions\redhat.java-1.54.0-win32-x64\jre\21.0.10-win32-x86_64\bin\sunmscapi.dll
0x00007fff23f90000 - 0x00007fff24108000 	C:\WINDOWS\System32\CRYPT32.dll
0x00007fff22e50000 - 0x00007fff22e80000 	C:\WINDOWS\SYSTEM32\ncrypt.dll
0x00007fff22e00000 - 0x00007fff22e3f000 	C:\WINDOWS\SYSTEM32\NTASN1.dll
0x00007fff21cd0000 - 0x00007fff21e02000 	C:\WINDOWS\SYSTEM32\DNSAPI.dll
0x00007fff101a0000 - 0x00007fff101ab000 	C:\Windows\System32\rasadhlp.dll
0x00007fff18710000 - 0x00007fff18796000 	C:\WINDOWS\System32\fwpuclnt.dll

JVMTI agents:
c:\Users\nourg\.vscode\extensions\redhat.java-1.54.0-win32-x64\lombok\lombok-1.18.39-4050.jar path:c:\Users\nourg\.vscode\extensions\redhat.java-1.54.0-win32-x64\jre\21.0.10-win32-x86_64\bin\instrument.dll, loaded, initialized, instrumentlib options:none

dbghelp: loaded successfully - version: 4.0.5 - missing functions: none
symbol engine: initialized successfully - sym options: 0x614 - pdb path: .;c:\Users\nourg\.vscode\extensions\redhat.java-1.54.0-win32-x64\jre\21.0.10-win32-x86_64\bin;C:\WINDOWS\SYSTEM32;C:\WINDOWS\WinSxS\amd64_microsoft.windows.common-controls_6595b64144ccf1df_6.0.26100.8457_none_3e0b2faee331e92d;c:\Users\nourg\.vscode\extensions\redhat.java-1.54.0-win32-x64\jre\21.0.10-win32-x86_64\bin\server;C:\Users\nourg\AppData\Roaming\Code\User\globalStorage\redhat.java\1.54.0\config_win\org.eclipse.equinox.launcher\org.eclipse.equinox.launcher.win32.win32.x86_64_1.3.0.v20260203-2149;C:\Users\nourg\AppData\Local\Temp\jna-105010185

VM Arguments:
jvm_args: --add-modules=ALL-SYSTEM --add-opens=java.base/java.util=ALL-UNNAMED --add-opens=java.base/java.lang=ALL-UNNAMED --add-opens=java.base/sun.nio.fs=ALL-UNNAMED -Declipse.application=org.eclipse.jdt.ls.core.id1 -Dosgi.bundles.defaultStartLevel=4 -Declipse.product=org.eclipse.jdt.ls.core.product -Djava.import.generatesMetadataFilesAtProjectRoot=false -DDetectVMInstallationsJob.disabled=true -Dfile.encoding=utf8 -XX:+UseParallelGC -XX:GCTimeRatio=4 -XX:AdaptiveSizePolicyWeight=90 -Dsun.zip.disableMemoryMapping=true -Xmx2G -Xms100m -Xlog:disable -javaagent:c:\Users\nourg\.vscode\extensions\redhat.java-1.54.0-win32-x64\lombok\lombok-1.18.39-4050.jar -XX:+HeapDumpOnOutOfMemoryError -XX:HeapDumpPath=c:\Users\nourg\AppData\Roaming\Code\User\workspaceStorage\382cc951b87783cacbf70da774fd0705\redhat.java -Daether.dependencyCollector.impl=bf 
java_command: c:\Users\nourg\.vscode\extensions\redhat.java-1.54.0-win32-x64\server\plugins\org.eclipse.equinox.launcher_1.7.100.v20251111-0406.jar -configuration c:\Users\nourg\AppData\Roaming\Code\User\globalStorage\redhat.java\1.54.0\config_win -data c:\Users\nourg\AppData\Roaming\Code\User\workspaceStorage\382cc951b87783cacbf70da774fd0705\redhat.java\jdt_ws --pipe=\\.\pipe\lsp-97731d198ba054dce3342f592523aa6a-sock
java_class_path (initial): c:\Users\nourg\.vscode\extensions\redhat.java-1.54.0-win32-x64\server\plugins\org.eclipse.equinox.launcher_1.7.100.v20251111-0406.jar
Launcher Type: SUN_STANDARD

[Global flags]
    uintx AdaptiveSizePolicyWeight                 = 90                                        {product} {command line}
     intx CICompilerCount                          = 4                                         {product} {ergonomic}
    uintx GCTimeRatio                              = 4                                         {product} {command line}
     bool HeapDumpOnOutOfMemoryError               = true                                   {manageable} {command line}
    ccstr HeapDumpPath                             = c:\Users\nourg\AppData\Roaming\Code\User\workspaceStorage\382cc951b87783cacbf70da774fd0705\redhat.java         {manageable} {command line}
   size_t InitialHeapSize                          = 104857600                                 {product} {command line}
   size_t MaxHeapSize                              = 2147483648                                {product} {command line}
   size_t MaxNewSize                               = 715653120                                 {product} {ergonomic}
   size_t MinHeapDeltaBytes                        = 524288                                    {product} {ergonomic}
   size_t MinHeapSize                              = 104857600                                 {product} {command line}
   size_t NewSize                                  = 34603008                                  {product} {ergonomic}
    uintx NonNMethodCodeHeapSize                   = 5839372                                {pd product} {ergonomic}
    uintx NonProfiledCodeHeapSize                  = 122909434                              {pd product} {ergonomic}
   size_t OldSize                                  = 70254592                                  {product} {ergonomic}
    uintx ProfiledCodeHeapSize                     = 122909434                              {pd product} {ergonomic}
    uintx ReservedCodeCacheSize                    = 251658240                              {pd product} {ergonomic}
     bool SegmentedCodeCache                       = true                                      {product} {ergonomic}
   size_t SoftMaxHeapSize                          = 2147483648                             {manageable} {ergonomic}
     bool UseCompressedOops                        = true                           {product lp64_product} {ergonomic}
     bool UseLargePagesIndividualAllocation        = false                                  {pd product} {ergonomic}
     bool UseParallelGC                            = true                                      {product} {command line}

Logging:
Log output configuration:
 #0: stdout all=off uptime,level,tags foldmultilines=false
 #1: stderr all=off uptime,level,tags foldmultilines=false

Release file:
JAVA_VERSION="21.0.10" 
MODULES="java.base java.compiler java.datatransfer java.xml java.prefs java.desktop java.instrument java.logging java.management java.security.sasl java.naming java.rmi java.management.rmi java.net.http java.scripting java.security.jgss java.transaction.xa java.sql java.sql.rowset java.xml.crypto java.se java.smartcardio jdk.accessibility jdk.internal.jvmstat jdk.attach jdk.charsets jdk.internal.opt jdk.zipfs jdk.compiler jdk.crypto.ec jdk.crypto.cryptoki jdk.crypto.mscapi jdk.dynalink jdk.internal.ed jdk.editpad jdk.hotspot.agent jdk.httpserver jdk.internal.le jdk.internal.vm.ci jdk.internal.vm.compiler jdk.internal.vm.compiler.management jdk.jartool jdk.javadoc jdk.jcmd jdk.management jdk.management.agent jdk.jconsole jdk.jdeps jdk.jdwp.agent jdk.jdi jdk.jfr jdk.jshell jdk.jsobject jdk.jstatd jdk.localedata jdk.management.jfr jdk.naming.dns jdk.naming.rmi jdk.net jdk.nio.mapmode jdk.random jdk.sctp jdk.security.auth jdk.security.jgss jdk.unsupported jdk.unsupported.desktop jdk.xml.dom" 

Environment Variables:
JAVA_HOME=C:\Program Files\Eclipse Adoptium\jdk-17.0.15.6-hotspot
PATH=C:\Program Files\Maven\apache-maven-3.9.14\bin;C:\Program Files\Microsoft SDKs\Azure\CLI2\wbin;C:\Program Files\Eclipse Adoptium\jdk-17.0.15.6-hotspot\bin;C:\Program Files\Common Files\Oracle\Java\javapath;C:\Windows\system32;C:\Windows;C:\Windows\System32\Wbem;C:\Windows\System32\WindowsPowerShell\v1.0\;C:\Windows\System32\OpenSSH\;C:\Program Files (x86)\NVIDIA Corporation\PhysX\Common;C:\WINDOWS\system32;C:\WINDOWS;C:\WINDOWS\System32\Wbem;C:\WINDOWS\System32\WindowsPowerShell\v1.0\;C:\WINDOWS\System32\OpenSSH\;C:\Users\nourg\Desktop\2 IM\Sem 2\dev mobil\jdk-24\bin;C:\Program Files\nodejs\;C:\Program Files\Docker\Docker\resources\bin;c:\Users\nourg\AppData\Local\Programs\cursor\resources\app\bin;C:\Program Files\Git\cmd;C:\WINDOWS\system32;C:\WINDOWS;C:\WINDOWS\System32\Wbem;C:\WINDOWS\System32\WindowsPowerShell\v1.0\;C:\WINDOWS\System32\OpenSSH\;C:\Program Files\NVIDIA Corporation\NVIDIA App\NvDLISR;C:\ffmpeg\bin;C:\Users\nourg\.local\bin;C:\Program Files\Maven\apache-maven-3.9.14\bin;C:\Program Files\Microsoft SDKs\Azure\CLI2\wbin;C:\Program Files\Eclipse Adoptium\jdk-17.0.15.6-hotspot\bin;C:\Program Files\Common Files\Oracle\Java\javapath;C:\Windows\system32;C:\Windows;C:\Windows\System32\Wbem;C:\Windows\System32\WindowsPowerShell\v1.0\;C:\Windows\System32\OpenSSH\;C:\Program Files (x86)\NVIDIA Corporation\PhysX\Common;C:\WINDOWS\system32;C:\WINDOWS;C:\WINDOWS\System32\Wbem;C:\WINDOWS\System32\WindowsPowerShell\v1.0\;C:\WINDOWS\System32\OpenSSH\;C:\Users\nourg\Desktop\2 IM\Sem 2\dev mobil\jdk-24\bin;C:\Program Files\nodejs\;C:\Program Files\Docker\Docker\resources\bin;C:\Program Files\Git\cmd;C:\WINDOWS\system32;C:\WINDOWS;C:\WINDOWS\System32\Wbem;C:\WINDOWS\System32\WindowsPowerShell\v1.0\;C:\WINDOWS\System32\OpenSSH\;C:\Program Files\NVIDIA Corporation\NVIDIA App\NvDLISR;C:\ffmpeg\bin;C:\Users\nourg\.local\bin;C:\Program Files\Maven\apache-maven-3.9.14\bin;C:\Program Files\Microsoft SDKs\Azure\CLI2\wbin;C:\Program Files\Eclipse Adoptium\jdk-17.0.15.6-hotspot\bin;C:\Program Files\Common Files\Oracle\Java\javapath;C:\Windows\system32;C:\Windows;C:\Windows\System32\Wbem;C:\Windows\System32\WindowsPowerShell\v1.0\;C:\Windows\System32\OpenSSH\;C:\Program Files (x86)\NVIDIA Corporation\PhysX\Common;C:\WINDOWS\system32;C:\WINDOWS;C:\WINDOWS\System32\Wbem;C:\WINDOWS\System32\WindowsPowerShell\v1.0\;C:\WINDOWS\System32\OpenSSH\;C:\Users\nourg\Desktop\2 IM\Sem 2\dev mobil\jdk-24\bin;C:\Program Files\nodejs\;C:\Program Files\Docker\Docker\resources\bin;C:\Program Files\Git\cmd;C:\WINDOWS\system32;C:\WINDOWS;C:\WINDOWS\System32\Wbem;C:\WINDOWS\System32\WindowsPowerShell\v1.0\;C:\WINDOWS\System32\OpenSSH\;C:\Program Files\NVIDIA Corporation\NVIDIA App\NvDLISR;C:\ffmpeg\bin;;C:\Users\nourg\AppData\Local\Programs\Microsoft VS Code\bin;C:\Users\nourg\AppData\Local\Programs\Microsoft VS Code\bin;C:\Users\nourg\AppData\Roaming\npm
USERNAME=nourg
OS=Windows_NT
PROCESSOR_IDENTIFIER=AMD64 Family 25 Model 80 Stepping 0, AuthenticAMD
TMP=C:\Users\nourg\AppData\Local\Temp
TEMP=C:\Users\nourg\AppData\Local\Temp




Periodic native trim disabled

---------------  S Y S T E M  ---------------

OS:
 Windows 11 , 64 bit Build 26100 (10.0.26100.8328)
OS uptime: 6 days 0:06 hours
Hyper-V role detected

CPU: total 12 (initial active 12) (12 cores per cpu, 2 threads per core) family 25 model 80 stepping 0 microcode 0xa50000d, cx8, cmov, fxsr, ht, mmx, 3dnowpref, sse, sse2, sse3, ssse3, sse4a, sse4.1, sse4.2, popcnt, lzcnt, tsc, tscinvbit, avx, avx2, aes, erms, clmul, bmi1, bmi2, adx, sha, fma, vzeroupper, clflush, clflushopt, hv, rdtscp, rdpid, fsrm, f16c, cet_ss
Processor Information for processor 0
  Max Mhz: 3301, Current Mhz: 3301, Mhz Limit: 3301
Processor Information for processor 1
  Max Mhz: 3301, Current Mhz: 2630, Mhz Limit: 3301
Processor Information for processor 2
  Max Mhz: 3301, Current Mhz: 2630, Mhz Limit: 3301
Processor Information for processor 3
  Max Mhz: 3301, Current Mhz: 2630, Mhz Limit: 3301
Processor Information for processor 4
  Max Mhz: 3301, Current Mhz: 2630, Mhz Limit: 3301
Processor Information for processor 5
  Max Mhz: 3301, Current Mhz: 3301, Mhz Limit: 3301
Processor Information for processor 6
  Max Mhz: 3301, Current Mhz: 3301, Mhz Limit: 3301
Processor Information for processor 7
  Max Mhz: 3301, Current Mhz: 2630, Mhz Limit: 3301
Processor Information for processor 8
  Max Mhz: 3301, Current Mhz: 3301, Mhz Limit: 3301
Processor Information for processor 9
  Max Mhz: 3301, Current Mhz: 3301, Mhz Limit: 3301
Processor Information for processor 10
  Max Mhz: 3301, Current Mhz: 3301, Mhz Limit: 3301
Processor Information for processor 11
  Max Mhz: 3301, Current Mhz: 3301, Mhz Limit: 3301

Memory: 4k page, system-wide physical 5996M (386M free)
TotalPageFile size 24428M (AvailPageFile size 4M)
current process WorkingSet (physical memory assigned to process): 176M, peak: 176M
current process commit charge ("private bytes"): 312M, peak: 312M

vm_info: OpenJDK 64-Bit Server VM (21.0.10+7-LTS) for windows-amd64 JRE (21.0.10+7-LTS), built on 2026-01-20T00:00:00Z by "admin" with MS VC++ 17.12 (VS2022)

END.
